[ 2018-10-16T22:13:50+08:00 ] 10.20.65.202 45.115.145.50 POST /tp5manager/public/index.php/yyshop/index/bootDealData
[ log ] 116.236.115.123:8080/tp5manager/public/index.php/yyshop/index/bootDealData [运行时间：0.012737s][吞吐率：78.51req/s] [内存消耗：1,199.33kb] [文件加载：39]
[ info ] [ LANG ] /var/www/html/tp5manager/thinkphp/lang/zh-cn.php
[ info ] [ ROUTE ] array (
  'type' => 'module',
  'module' => 
  array (
    0 => 'yyshop',
    1 => 'index',
    2 => 'bootDealData',
  ),
)
[ info ] [ HEADER ] array (
  'connection' => 'keep-alive',
  'accept-encoding' => 'gzip',
  'accept-language' => 'zh-CN,zh;q=0.9',
  'referer' => 'http://116.236.115.123:8080/tp5manager/public/index.php/yyshop/index/getUserInfo',
  'content-type' => 'application/x-www-form-urlencoded; charset=UTF-8',
  'user-agent' => 'Mozilla/5.0 (Windows NT 6.1; WOW64) AppleWebKit/537.36 (KHTML, like Gecko) Chrome/69.0.3497.100 Safari/537.36',
  'x-requested-with' => 'XMLHttpRequest',
  'origin' => 'http://116.236.115.123:8080',
  'accept' => '*/*',
  'content-length' => '128',
  'host' => '116.236.115.123:8080',
  'frigate' => 'hngd_ax63.155',
  'cdn-src-ip' => '121.76.129.187',
)
[ info ] [ PARAM ] array (
  'form_data' => 'user_id=3&user_name=1111555111111&address=22222552222222222&remark=22222552222222222&act=add',
  'act' => 'add',
)
[ info ] [ RUN ] app\yyshop\controller\Index->bootDealData[ /var/www/html/tp5manager/application/yyshop/controller/Index.php ]
[ info ] [ LOG ] INIT File
[ log ] array (
  'form_data' => 'user_id=3&user_name=1111555111111&address=22222552222222222&remark=22222552222222222&act=add',
  'act' => 'add',
)
[ error ] [8]未定义数组索引: id[/var/www/html/tp5manager/application/yyshop/controller/Index.php:25]

---------------------------------------------------------------
[ 2018-10-16T22:14:38+08:00 ] 10.20.65.202 220.178.225.3 GET /tp5manager/public/index.php/yyshop/index/getUserInfo
[ log ] 116.236.115.123:8080/tp5manager/public/index.php/yyshop/index/getUserInfo [运行时间：0.013449s][吞吐率：74.36req/s] [内存消耗：1,309.63kb] [文件加载：38]
[ info ] [ LANG ] /var/www/html/tp5manager/thinkphp/lang/zh-cn.php
[ info ] [ ROUTE ] array (
  'type' => 'module',
  'module' => 
  array (
    0 => 'yyshop',
    1 => 'index',
    2 => 'getUserInfo',
  ),
)
[ info ] [ HEADER ] array (
  'accept-language' => 'zh-CN,zh;q=0.9',
  'accept-encoding' => 'gzip, deflate',
  'accept' => 'text/html,application/xhtml+xml,application/xml;q=0.9,image/webp,image/apng,*/*;q=0.8',
  'user-agent' => 'Mozilla/5.0 (Windows NT 6.1; WOW64) AppleWebKit/537.36 (KHTML, like Gecko) Chrome/69.0.3497.100 Safari/537.36',
  'upgrade-insecure-requests' => '1',
  'cache-control' => 'max-age=0',
  'connection' => 'keep-alive',
  'host' => '116.236.115.123:8080',
  'content-type' => '',
  'content-length' => '',
)
[ info ] [ PARAM ] array (
)
[ info ] [ RUN ] app\yyshop\controller\Index->getUserInfo[ /var/www/html/tp5manager/application/yyshop/controller/Index.php ]
[ info ] [ VIEW ] /var/www/html/tp5manager/public/../application/yyshop/view/index/bootsplist.html [ array (
  0 => 'user_id',
  1 => 'name',
  2 => 'address',
  3 => 'remark',
) ]
[ info ] [ LOG ] INIT File

---------------------------------------------------------------
[ 2018-10-16T22:14:44+08:00 ] 10.20.65.202 220.178.225.3 POST /tp5manager/public/index.php/yyshop/index/search
[ log ] 116.236.115.123:8080/tp5manager/public/index.php/yyshop/index/search [运行时间：0.011371s][吞吐率：87.94req/s] [内存消耗：1,134.50kb] [文件加载：35]
[ info ] [ LANG ] /var/www/html/tp5manager/thinkphp/lang/zh-cn.php
[ info ] [ ROUTE ] array (
  'type' => 'module',
  'module' => 
  array (
    0 => 'yyshop',
    1 => 'index',
    2 => 'search',
  ),
)
[ info ] [ HEADER ] array (
  'accept-language' => 'zh-CN,zh;q=0.9',
  'accept-encoding' => 'gzip, deflate',
  'referer' => 'http://116.236.115.123:8080/tp5manager/public/index.php/yyshop/index/getUserInfo',
  'user-agent' => 'Mozilla/5.0 (Windows NT 6.1; WOW64) AppleWebKit/537.36 (KHTML, like Gecko) Chrome/69.0.3497.100 Safari/537.36',
  'x-requested-with' => 'XMLHttpRequest',
  'origin' => 'http://116.236.115.123:8080',
  'accept' => '*/*',
  'content-length' => '0',
  'connection' => 'keep-alive',
  'host' => '116.236.115.123:8080',
  'content-type' => '',
)
[ info ] [ PARAM ] array (
)
[ info ] [ RUN ] app\yyshop\controller\Index->search[ /var/www/html/tp5manager/application/yyshop/controller/Index.php ]
[ info ] [ LOG ] INIT File

---------------------------------------------------------------
[ 2018-10-16T22:14:48+08:00 ] 10.20.65.202 220.178.225.3 POST /tp5manager/public/index.php/yyshop/index/search
[ log ] 116.236.115.123:8080/tp5manager/public/index.php/yyshop/index/search [运行时间：0.011444s][吞吐率：87.38req/s] [内存消耗：1,134.50kb] [文件加载：35]
[ info ] [ LANG ] /var/www/html/tp5manager/thinkphp/lang/zh-cn.php
[ info ] [ ROUTE ] array (
  'type' => 'module',
  'module' => 
  array (
    0 => 'yyshop',
    1 => 'index',
    2 => 'search',
  ),
)
[ info ] [ HEADER ] array (
  'accept-language' => 'zh-CN,zh;q=0.9',
  'accept-encoding' => 'gzip, deflate',
  'referer' => 'http://116.236.115.123:8080/tp5manager/public/index.php/yyshop/index/getUserInfo',
  'user-agent' => 'Mozilla/5.0 (Windows NT 6.1; WOW64) AppleWebKit/537.36 (KHTML, like Gecko) Chrome/69.0.3497.100 Safari/537.36',
  'x-requested-with' => 'XMLHttpRequest',
  'origin' => 'http://116.236.115.123:8080',
  'accept' => '*/*',
  'content-length' => '0',
  'connection' => 'keep-alive',
  'host' => '116.236.115.123:8080',
  'content-type' => '',
)
[ info ] [ PARAM ] array (
)
[ info ] [ RUN ] app\yyshop\controller\Index->search[ /var/www/html/tp5manager/application/yyshop/controller/Index.php ]
[ info ] [ LOG ] INIT File

---------------------------------------------------------------
[ 2018-10-16T22:14:52+08:00 ] 10.20.65.202 220.178.225.3 POST /tp5manager/public/index.php/yyshop/index/search
[ log ] 116.236.115.123:8080/tp5manager/public/index.php/yyshop/index/search [运行时间：0.011123s][吞吐率：89.90req/s] [内存消耗：1,134.50kb] [文件加载：35]
[ info ] [ LANG ] /var/www/html/tp5manager/thinkphp/lang/zh-cn.php
[ info ] [ ROUTE ] array (
  'type' => 'module',
  'module' => 
  array (
    0 => 'yyshop',
    1 => 'index',
    2 => 'search',
  ),
)
[ info ] [ HEADER ] array (
  'accept-language' => 'zh-CN,zh;q=0.9',
  'accept-encoding' => 'gzip, deflate',
  'referer' => 'http://116.236.115.123:8080/tp5manager/public/index.php/yyshop/index/getUserInfo',
  'user-agent' => 'Mozilla/5.0 (Windows NT 6.1; WOW64) AppleWebKit/537.36 (KHTML, like Gecko) Chrome/69.0.3497.100 Safari/537.36',
  'x-requested-with' => 'XMLHttpRequest',
  'origin' => 'http://116.236.115.123:8080',
  'accept' => '*/*',
  'content-length' => '0',
  'connection' => 'keep-alive',
  'host' => '116.236.115.123:8080',
  'content-type' => '',
)
[ info ] [ PARAM ] array (
)
[ info ] [ RUN ] app\yyshop\controller\Index->search[ /var/www/html/tp5manager/application/yyshop/controller/Index.php ]
[ info ] [ LOG ] INIT File

---------------------------------------------------------------
[ 2018-10-16T22:14:54+08:00 ] 10.20.65.202 220.178.225.3 POST /tp5manager/public/index.php/yyshop/index/search
[ log ] 116.236.115.123:8080/tp5manager/public/index.php/yyshop/index/search [运行时间：0.011022s][吞吐率：90.73req/s] [内存消耗：1,134.50kb] [文件加载：35]
[ info ] [ LANG ] /var/www/html/tp5manager/thinkphp/lang/zh-cn.php
[ info ] [ ROUTE ] array (
  'type' => 'module',
  'module' => 
  array (
    0 => 'yyshop',
    1 => 'index',
    2 => 'search',
  ),
)
[ info ] [ HEADER ] array (
  'accept-language' => 'zh-CN,zh;q=0.9',
  'accept-encoding' => 'gzip, deflate',
  'referer' => 'http://116.236.115.123:8080/tp5manager/public/index.php/yyshop/index/getUserInfo',
  'user-agent' => 'Mozilla/5.0 (Windows NT 6.1; WOW64) AppleWebKit/537.36 (KHTML, like Gecko) Chrome/69.0.3497.100 Safari/537.36',
  'x-requested-with' => 'XMLHttpRequest',
  'origin' => 'http://116.236.115.123:8080',
  'accept' => '*/*',
  'content-length' => '0',
  'connection' => 'keep-alive',
  'host' => '116.236.115.123:8080',
  'content-type' => '',
)
[ info ] [ PARAM ] array (
)
[ info ] [ RUN ] app\yyshop\controller\Index->search[ /var/www/html/tp5manager/application/yyshop/controller/Index.php ]
[ info ] [ LOG ] INIT File

---------------------------------------------------------------
[ 2018-10-16T22:15:08+08:00 ] 10.20.65.202 220.178.225.3 POST /tp5manager/public/index.php/yyshop/index/bootDealData
[ log ] 116.236.115.123:8080/tp5manager/public/index.php/yyshop/index/bootDealData [运行时间：0.012464s][吞吐率：80.23req/s] [内存消耗：1,198.84kb] [文件加载：39]
[ info ] [ LANG ] /var/www/html/tp5manager/thinkphp/lang/zh-cn.php
[ info ] [ ROUTE ] array (
  'type' => 'module',
  'module' => 
  array (
    0 => 'yyshop',
    1 => 'index',
    2 => 'bootDealData',
  ),
)
[ info ] [ HEADER ] array (
  'accept-language' => 'zh-CN,zh;q=0.9',
  'accept-encoding' => 'gzip, deflate',
  'referer' => 'http://116.236.115.123:8080/tp5manager/public/index.php/yyshop/index/getUserInfo',
  'content-type' => 'application/x-www-form-urlencoded; charset=UTF-8',
  'user-agent' => 'Mozilla/5.0 (Windows NT 6.1; WOW64) AppleWebKit/537.36 (KHTML, like Gecko) Chrome/69.0.3497.100 Safari/537.36',
  'x-requested-with' => 'XMLHttpRequest',
  'origin' => 'http://116.236.115.123:8080',
  'accept' => '*/*',
  'content-length' => '121',
  'connection' => 'keep-alive',
  'host' => '116.236.115.123:8080',
)
[ info ] [ PARAM ] array (
  'form_data' => 'user_id=2&user_name=1111111111&address=222222222222222&remark=222222222222222&act=add',
  'act' => 'add',
)
[ info ] [ RUN ] app\yyshop\controller\Index->bootDealData[ /var/www/html/tp5manager/application/yyshop/controller/Index.php ]
[ info ] [ LOG ] INIT File
[ log ] array (
  'form_data' => 'user_id=2&user_name=1111111111&address=222222222222222&remark=222222222222222&act=add',
  'act' => 'add',
)
[ error ] [8]未定义数组索引: id[/var/www/html/tp5manager/application/yyshop/controller/Index.php:25]

---------------------------------------------------------------
[ 2018-10-16T22:17:52+08:00 ] 10.20.65.202 45.115.145.46 POST /tp5manager/public/index.php/yyshop/index/search
[ log ] 116.236.115.123:8080/tp5manager/public/index.php/yyshop/index/search [运行时间：0.011432s][吞吐率：87.47req/s] [内存消耗：1,136.24kb] [文件加载：35]
[ info ] [ LANG ] /var/www/html/tp5manager/thinkphp/lang/zh-cn.php
[ info ] [ ROUTE ] array (
  'type' => 'module',
  'module' => 
  array (
    0 => 'yyshop',
    1 => 'index',
    2 => 'search',
  ),
)
[ info ] [ HEADER ] array (
  'connection' => 'keep-alive',
  'accept-encoding' => 'gzip',
  'accept-language' => 'zh-CN,zh;q=0.9',
  'referer' => 'http://116.236.115.123:8080/tp5manager/public/index.php/yyshop/index/getUserInfo',
  'user-agent' => 'Mozilla/5.0 (Windows NT 6.1; WOW64) AppleWebKit/537.36 (KHTML, like Gecko) Chrome/69.0.3497.100 Safari/537.36',
  'x-requested-with' => 'XMLHttpRequest',
  'origin' => 'http://116.236.115.123:8080',
  'accept' => '*/*',
  'content-length' => '0',
  'host' => '116.236.115.123:8080',
  'frigate' => 'hngd_ax63.137',
  'cdn-src-ip' => '121.76.129.187',
  'content-type' => '',
)
[ info ] [ PARAM ] array (
)
[ info ] [ RUN ] app\yyshop\controller\Index->search[ /var/www/html/tp5manager/application/yyshop/controller/Index.php ]
[ info ] [ LOG ] INIT File

---------------------------------------------------------------
[ 2018-10-16T22:17:53+08:00 ] 10.20.65.202 45.115.145.34 POST /tp5manager/public/index.php/yyshop/index/search
[ log ] 116.236.115.123:8080/tp5manager/public/index.php/yyshop/index/search [运行时间：0.011285s][吞吐率：88.61req/s] [内存消耗：1,135.93kb] [文件加载：35]
[ info ] [ LANG ] /var/www/html/tp5manager/thinkphp/lang/zh-cn.php
[ info ] [ ROUTE ] array (
  'type' => 'module',
  'module' => 
  array (
    0 => 'yyshop',
    1 => 'index',
    2 => 'search',
  ),
)
[ info ] [ HEADER ] array (
  'connection' => 'keep-alive',
  'accept-encoding' => 'gzip',
  'cdn-src-ip' => '121.76.129.187',
  'accept-language' => 'zh-CN,zh;q=0.9',
  'referer' => 'http://116.236.115.123:8080/tp5manager/public/index.php/yyshop/index/getUserInfo',
  'user-agent' => 'Mozilla/5.0 (Windows NT 6.1; WOW64) AppleWebKit/537.36 (KHTML, like Gecko) Chrome/69.0.3497.100 Safari/537.36',
  'x-requested-with' => 'XMLHttpRequest',
  'origin' => 'http://116.236.115.123:8080',
  'accept' => '*/*',
  'content-length' => '0',
  'host' => '116.236.115.123:8080',
  'content-type' => '',
)
[ info ] [ PARAM ] array (
)
[ info ] [ RUN ] app\yyshop\controller\Index->search[ /var/www/html/tp5manager/application/yyshop/controller/Index.php ]
[ info ] [ LOG ] INIT File

---------------------------------------------------------------
[ 2018-10-16T22:17:53+08:00 ] 10.20.65.202 45.115.145.46 POST /tp5manager/public/index.php/yyshop/index/search
[ log ] 116.236.115.123:8080/tp5manager/public/index.php/yyshop/index/search [运行时间：0.011476s][吞吐率：87.14req/s] [内存消耗：1,135.93kb] [文件加载：35]
[ info ] [ LANG ] /var/www/html/tp5manager/thinkphp/lang/zh-cn.php
[ info ] [ ROUTE ] array (
  'type' => 'module',
  'module' => 
  array (
    0 => 'yyshop',
    1 => 'index',
    2 => 'search',
  ),
)
[ info ] [ HEADER ] array (
  'connection' => 'keep-alive',
  'accept-encoding' => 'gzip',
  'cdn-src-ip' => '121.76.129.187',
  'accept-language' => 'zh-CN,zh;q=0.9',
  'referer' => 'http://116.236.115.123:8080/tp5manager/public/index.php/yyshop/index/getUserInfo',
  'user-agent' => 'Mozilla/5.0 (Windows NT 6.1; WOW64) AppleWebKit/537.36 (KHTML, like Gecko) Chrome/69.0.3497.100 Safari/537.36',
  'x-requested-with' => 'XMLHttpRequest',
  'origin' => 'http://116.236.115.123:8080',
  'accept' => '*/*',
  'content-length' => '0',
  'host' => '116.236.115.123:8080',
  'content-type' => '',
)
[ info ] [ PARAM ] array (
)
[ info ] [ RUN ] app\yyshop\controller\Index->search[ /var/www/html/tp5manager/application/yyshop/controller/Index.php ]
[ info ] [ LOG ] INIT File

---------------------------------------------------------------
[ 2018-10-16T22:17:53+08:00 ] 10.20.65.202 120.204.249.189 POST /tp5manager/public/index.php/yyshop/index/search
[ log ] 116.236.115.123:8080/tp5manager/public/index.php/yyshop/index/search [运行时间：0.010893s][吞吐率：91.80req/s] [内存消耗：1,134.48kb] [文件加载：35]
[ info ] [ LANG ] /var/www/html/tp5manager/thinkphp/lang/zh-cn.php
[ info ] [ ROUTE ] array (
  'type' => 'module',
  'module' => 
  array (
    0 => 'yyshop',
    1 => 'index',
    2 => 'search',
  ),
)
[ info ] [ HEADER ] array (
  'connection' => 'keep-alive',
  'accept-encoding' => 'gzip',
  'accept-language' => 'zh-CN,zh;q=0.9',
  'referer' => 'http://116.236.115.123:8080/tp5manager/public/index.php/yyshop/index/getUserInfo',
  'user-agent' => 'Mozilla/5.0 (Windows NT 6.1; WOW64) AppleWebKit/537.36 (KHTML, like Gecko) Chrome/69.0.3497.100 Safari/537.36',
  'x-requested-with' => 'XMLHttpRequest',
  'origin' => 'http://116.236.115.123:8080',
  'accept' => '*/*',
  'content-length' => '0',
  'host' => '116.236.115.123:8080',
  'content-type' => '',
)
[ info ] [ PARAM ] array (
)
[ info ] [ RUN ] app\yyshop\controller\Index->search[ /var/www/html/tp5manager/application/yyshop/controller/Index.php ]
[ info ] [ LOG ] INIT File

---------------------------------------------------------------
[ 2018-10-16T22:17:53+08:00 ] 10.20.65.202 45.115.145.47 POST /tp5manager/public/index.php/yyshop/index/search
[ log ] 116.236.115.123:8080/tp5manager/public/index.php/yyshop/index/search [运行时间：0.010862s][吞吐率：92.07req/s] [内存消耗：1,136.24kb] [文件加载：35]
[ info ] [ LANG ] /var/www/html/tp5manager/thinkphp/lang/zh-cn.php
[ info ] [ ROUTE ] array (
  'type' => 'module',
  'module' => 
  array (
    0 => 'yyshop',
    1 => 'index',
    2 => 'search',
  ),
)
[ info ] [ HEADER ] array (
  'connection' => 'keep-alive',
  'accept-encoding' => 'gzip',
  'accept-language' => 'zh-CN,zh;q=0.9',
  'referer' => 'http://116.236.115.123:8080/tp5manager/public/index.php/yyshop/index/getUserInfo',
  'user-agent' => 'Mozilla/5.0 (Windows NT 6.1; WOW64) AppleWebKit/537.36 (KHTML, like Gecko) Chrome/69.0.3497.100 Safari/537.36',
  'x-requested-with' => 'XMLHttpRequest',
  'origin' => 'http://116.236.115.123:8080',
  'accept' => '*/*',
  'content-length' => '0',
  'host' => '116.236.115.123:8080',
  'frigate' => 'hngd_ax63.155',
  'cdn-src-ip' => '121.76.129.187',
  'content-type' => '',
)
[ info ] [ PARAM ] array (
)
[ info ] [ RUN ] app\yyshop\controller\Index->search[ /var/www/html/tp5manager/application/yyshop/controller/Index.php ]
[ info ] [ LOG ] INIT File

---------------------------------------------------------------
[ 2018-10-16T22:17:53+08:00 ] 10.20.65.202 45.115.145.47 POST /tp5manager/public/index.php/yyshop/index/search
[ log ] 116.236.115.123:8080/tp5manager/public/index.php/yyshop/index/search [运行时间：0.010837s][吞吐率：92.28req/s] [内存消耗：1,135.93kb] [文件加载：35]
[ info ] [ LANG ] /var/www/html/tp5manager/thinkphp/lang/zh-cn.php
[ info ] [ ROUTE ] array (
  'type' => 'module',
  'module' => 
  array (
    0 => 'yyshop',
    1 => 'index',
    2 => 'search',
  ),
)
[ info ] [ HEADER ] array (
  'connection' => 'keep-alive',
  'accept-encoding' => 'gzip',
  'cdn-src-ip' => '121.76.129.187',
  'accept-language' => 'zh-CN,zh;q=0.9',
  'referer' => 'http://116.236.115.123:8080/tp5manager/public/index.php/yyshop/index/getUserInfo',
  'user-agent' => 'Mozilla/5.0 (Windows NT 6.1; WOW64) AppleWebKit/537.36 (KHTML, like Gecko) Chrome/69.0.3497.100 Safari/537.36',
  'x-requested-with' => 'XMLHttpRequest',
  'origin' => 'http://116.236.115.123:8080',
  'accept' => '*/*',
  'content-length' => '0',
  'host' => '116.236.115.123:8080',
  'content-type' => '',
)
[ info ] [ PARAM ] array (
)
[ info ] [ RUN ] app\yyshop\controller\Index->search[ /var/www/html/tp5manager/application/yyshop/controller/Index.php ]
[ info ] [ LOG ] INIT File

---------------------------------------------------------------
[ 2018-10-16T22:17:54+08:00 ] 10.20.65.202 45.115.145.47 POST /tp5manager/public/index.php/yyshop/index/search
[ log ] 116.236.115.123:8080/tp5manager/public/index.php/yyshop/index/search [运行时间：0.011411s][吞吐率：87.64req/s] [内存消耗：1,135.93kb] [文件加载：35]
[ info ] [ LANG ] /var/www/html/tp5manager/thinkphp/lang/zh-cn.php
[ info ] [ ROUTE ] array (
  'type' => 'module',
  'module' => 
  array (
    0 => 'yyshop',
    1 => 'index',
    2 => 'search',
  ),
)
[ info ] [ HEADER ] array (
  'connection' => 'keep-alive',
  'accept-encoding' => 'gzip',
  'cdn-src-ip' => '121.76.129.187',
  'accept-language' => 'zh-CN,zh;q=0.9',
  'referer' => 'http://116.236.115.123:8080/tp5manager/public/index.php/yyshop/index/getUserInfo',
  'user-agent' => 'Mozilla/5.0 (Windows NT 6.1; WOW64) AppleWebKit/537.36 (KHTML, like Gecko) Chrome/69.0.3497.100 Safari/537.36',
  'x-requested-with' => 'XMLHttpRequest',
  'origin' => 'http://116.236.115.123:8080',
  'accept' => '*/*',
  'content-length' => '0',
  'host' => '116.236.115.123:8080',
  'content-type' => '',
)
[ info ] [ PARAM ] array (
)
[ info ] [ RUN ] app\yyshop\controller\Index->search[ /var/www/html/tp5manager/application/yyshop/controller/Index.php ]
[ info ] [ LOG ] INIT File

---------------------------------------------------------------
[ 2018-10-16T22:18:02+08:00 ] 10.20.65.202 45.115.145.47 GET /tp5manager/public/index.php/yyshop/index/getUserInfo
[ log ] 116.236.115.123:8080/tp5manager/public/index.php/yyshop/index/getUserInfo [运行时间：0.012011s][吞吐率：83.26req/s] [内存消耗：1,148.43kb] [文件加载：36]
[ info ] [ LANG ] /var/www/html/tp5manager/thinkphp/lang/zh-cn.php
[ info ] [ ROUTE ] array (
  'type' => 'module',
  'module' => 
  array (
    0 => 'yyshop',
    1 => 'index',
    2 => 'getUserInfo',
  ),
)
[ info ] [ HEADER ] array (
  'cache-control' => 'max-age=0',
  'connection' => 'keep-alive',
  'accept-encoding' => 'gzip',
  'cdn-src-ip' => '121.76.129.187',
  'accept-language' => 'zh-CN,zh;q=0.9',
  'accept' => 'text/html,application/xhtml+xml,application/xml;q=0.9,image/webp,image/apng,*/*;q=0.8',
  'user-agent' => 'Mozilla/5.0 (Windows NT 6.1; WOW64) AppleWebKit/537.36 (KHTML, like Gecko) Chrome/69.0.3497.100 Safari/537.36',
  'upgrade-insecure-requests' => '1',
  'host' => '116.236.115.123:8080',
  'content-type' => '',
  'content-length' => '',
)
[ info ] [ PARAM ] array (
)
[ info ] [ RUN ] app\yyshop\controller\Index->getUserInfo[ /var/www/html/tp5manager/application/yyshop/controller/Index.php ]
[ info ] [ VIEW ] /var/www/html/tp5manager/public/../application/yyshop/view/index/bootsplist.html [ array (
  0 => 'user_id',
  1 => 'name',
  2 => 'address',
  3 => 'remark',
) ]
[ info ] [ LOG ] INIT File

---------------------------------------------------------------
[ 2018-10-16T22:18:04+08:00 ] 10.20.65.202 45.115.145.46 POST /tp5manager/public/index.php/yyshop/index/search
[ log ] 116.236.115.123:8080/tp5manager/public/index.php/yyshop/index/search [运行时间：0.011123s][吞吐率：89.90req/s] [内存消耗：1,135.93kb] [文件加载：35]
[ info ] [ LANG ] /var/www/html/tp5manager/thinkphp/lang/zh-cn.php
[ info ] [ ROUTE ] array (
  'type' => 'module',
  'module' => 
  array (
    0 => 'yyshop',
    1 => 'index',
    2 => 'search',
  ),
)
[ info ] [ HEADER ] array (
  'connection' => 'keep-alive',
  'accept-encoding' => 'gzip',
  'cdn-src-ip' => '121.76.129.187',
  'accept-language' => 'zh-CN,zh;q=0.9',
  'referer' => 'http://116.236.115.123:8080/tp5manager/public/index.php/yyshop/index/getUserInfo',
  'user-agent' => 'Mozilla/5.0 (Windows NT 6.1; WOW64) AppleWebKit/537.36 (KHTML, like Gecko) Chrome/69.0.3497.100 Safari/537.36',
  'x-requested-with' => 'XMLHttpRequest',
  'origin' => 'http://116.236.115.123:8080',
  'accept' => '*/*',
  'content-length' => '0',
  'host' => '116.236.115.123:8080',
  'content-type' => '',
)
[ info ] [ PARAM ] array (
)
[ info ] [ RUN ] app\yyshop\controller\Index->search[ /var/www/html/tp5manager/application/yyshop/controller/Index.php ]
[ info ] [ LOG ] INIT File

---------------------------------------------------------------
[ 2018-10-16T22:18:08+08:00 ] 10.20.65.202 45.115.145.46 GET /tp5manager/public/index.php/yyshop/index/getUserInfo
[ log ] 116.236.115.123:8080/tp5manager/public/index.php/yyshop/index/getUserInfo [运行时间：0.011666s][吞吐率：85.72req/s] [内存消耗：1,148.68kb] [文件加载：36]
[ info ] [ LANG ] /var/www/html/tp5manager/thinkphp/lang/zh-cn.php
[ info ] [ ROUTE ] array (
  'type' => 'module',
  'module' => 
  array (
    0 => 'yyshop',
    1 => 'index',
    2 => 'getUserInfo',
  ),
)
[ info ] [ HEADER ] array (
  'cache-control' => 'max-age=0',
  'connection' => 'keep-alive',
  'accept-encoding' => 'gzip',
  'cdn-src-ip' => '121.76.129.187',
  'accept-language' => 'zh-CN,zh;q=0.9',
  'accept' => 'text/html,application/xhtml+xml,application/xml;q=0.9,image/webp,image/apng,*/*;q=0.8',
  'user-agent' => 'Mozilla/5.0 (Windows NT 6.1; WOW64) AppleWebKit/537.36 (KHTML, like Gecko) Chrome/69.0.3497.100 Safari/537.36',
  'upgrade-insecure-requests' => '1',
  'host' => '116.236.115.123:8080',
  'if-modified-since' => 'Tue, 16 Oct 2018 14:18:00 GMT',
  'content-type' => '',
  'content-length' => '',
)
[ info ] [ PARAM ] array (
)
[ info ] [ RUN ] app\yyshop\controller\Index->getUserInfo[ /var/www/html/tp5manager/application/yyshop/controller/Index.php ]
[ info ] [ VIEW ] /var/www/html/tp5manager/public/../application/yyshop/view/index/bootsplist.html [ array (
  0 => 'user_id',
  1 => 'name',
  2 => 'address',
  3 => 'remark',
) ]
[ info ] [ LOG ] INIT File

---------------------------------------------------------------
[ 2018-10-16T22:18:10+08:00 ] 10.20.65.202 120.204.249.189 POST /tp5manager/public/index.php/yyshop/index/search
[ log ] 116.236.115.123:8080/tp5manager/public/index.php/yyshop/index/search [运行时间：0.010896s][吞吐率：91.78req/s] [内存消耗：1,134.48kb] [文件加载：35]
[ info ] [ LANG ] /var/www/html/tp5manager/thinkphp/lang/zh-cn.php
[ info ] [ ROUTE ] array (
  'type' => 'module',
  'module' => 
  array (
    0 => 'yyshop',
    1 => 'index',
    2 => 'search',
  ),
)
[ info ] [ HEADER ] array (
  'connection' => 'keep-alive',
  'accept-encoding' => 'gzip',
  'accept-language' => 'zh-CN,zh;q=0.9',
  'referer' => 'http://116.236.115.123:8080/tp5manager/public/index.php/yyshop/index/getUserInfo',
  'user-agent' => 'Mozilla/5.0 (Windows NT 6.1; WOW64) AppleWebKit/537.36 (KHTML, like Gecko) Chrome/69.0.3497.100 Safari/537.36',
  'x-requested-with' => 'XMLHttpRequest',
  'origin' => 'http://116.236.115.123:8080',
  'accept' => '*/*',
  'content-length' => '0',
  'host' => '116.236.115.123:8080',
  'content-type' => '',
)
[ info ] [ PARAM ] array (
)
[ info ] [ RUN ] app\yyshop\controller\Index->search[ /var/www/html/tp5manager/application/yyshop/controller/Index.php ]
[ info ] [ LOG ] INIT File

---------------------------------------------------------------
[ 2018-10-16T22:18:11+08:00 ] 10.20.65.202 45.115.145.52 POST /tp5manager/public/index.php/yyshop/index/search
[ log ] 116.236.115.123:8080/tp5manager/public/index.php/yyshop/index/search [运行时间：0.011356s][吞吐率：88.06req/s] [内存消耗：1,135.93kb] [文件加载：35]
[ info ] [ LANG ] /var/www/html/tp5manager/thinkphp/lang/zh-cn.php
[ info ] [ ROUTE ] array (
  'type' => 'module',
  'module' => 
  array (
    0 => 'yyshop',
    1 => 'index',
    2 => 'search',
  ),
)
[ info ] [ HEADER ] array (
  'connection' => 'keep-alive',
  'accept-encoding' => 'gzip',
  'cdn-src-ip' => '121.76.129.187',
  'accept-language' => 'zh-CN,zh;q=0.9',
  'referer' => 'http://116.236.115.123:8080/tp5manager/public/index.php/yyshop/index/getUserInfo',
  'user-agent' => 'Mozilla/5.0 (Windows NT 6.1; WOW64) AppleWebKit/537.36 (KHTML, like Gecko) Chrome/69.0.3497.100 Safari/537.36',
  'x-requested-with' => 'XMLHttpRequest',
  'origin' => 'http://116.236.115.123:8080',
  'accept' => '*/*',
  'content-length' => '0',
  'host' => '116.236.115.123:8080',
  'content-type' => '',
)
[ info ] [ PARAM ] array (
)
[ info ] [ RUN ] app\yyshop\controller\Index->search[ /var/www/html/tp5manager/application/yyshop/controller/Index.php ]
[ info ] [ LOG ] INIT File

---------------------------------------------------------------
