[ 2018-02-01T16:21:20+08:00 ] 10.20.65.205 180.175.67.212 GET /tp5manager/public/index.php/yyshop/index/bootsplist
[ log ] 116.236.115.125:9000/tp5manager/public/index.php/yyshop/index/bootsplist [运行时间：0.017367s][吞吐率：57.58req/s] [内存消耗：1,735.39kb] [文件加载：40]
[ info ] [ LANG ] /var/www/html/tp5manager/thinkphp/lang/zh-cn.php
[ info ] [ ROUTE ] array (
  'type' => 'module',
  'module' => 
  array (
    0 => 'yyshop',
    1 => 'index',
    2 => 'bootsplist',
  ),
)
[ info ] [ HEADER ] array (
  'host' => '116.236.115.125:9000',
  'user-agent' => 'Mozilla/5.0 (Windows NT 6.1; WOW64; rv:47.0) Gecko/20100101 Firefox/47.0 FirePHP/0.7.4',
  'accept' => 'text/html,application/xhtml+xml,application/xml;q=0.9,*/*;q=0.8',
  'accept-language' => 'zh-CN,zh;q=0.8,en-US;q=0.5,en;q=0.3',
  'accept-encoding' => 'gzip, deflate',
  'cookie' => 'cna=UVtjEqR9CGUCAXTiNjdVF/tu; isg=AsTEszP_QqXThvbpDrkgPpCOlkJ2dVky7o4VTt5l1w9SCWTTBu241_rpPboK; _umdata=ED82BDCEC1AA6EB9D0EF7E57DDD3BF8A4D8E7519C9CE00CC2BEA8195B9F1B5B7C559BFA724D7ACB1CD43AD3E795C914C559F65888E8CD38E856E78DAEF8F4C5B; mg_shopcode=9001; PHPSESSID=bqecpgkpghekhilcc1hfvm2ih1; mg_name=%E9%98%BF%E6%9D%9C',
  'x-insight' => 'activate',
  'connection' => 'keep-alive',
  'content-type' => '',
  'content-length' => '',
)
[ info ] [ PARAM ] array (
)
[ info ] [ RUN ] app\yyshop\controller\Index->bootspList[ /var/www/html/tp5manager/application/yyshop/controller/Index.php ]
[ info ] [ VIEW ] /var/www/html/tp5manager/public/../application/yyshop/view/index/bootsplist.html [ array (
) ]
[ info ] [ LOG ] INIT File
[ error ] [8]未定义变量: user_id[/var/www/html/tp5manager/runtime/temp/c07bb21feb9d3dec473578d088455043.php:246]

---------------------------------------------------------------
[ 2018-02-01T16:27:14+08:00 ] 10.20.65.205 180.175.67.212 GET /tp5manager/public/
[ log ] 116.236.115.125:9000/tp5manager/public/ [运行时间：0.010807s][吞吐率：92.53req/s] [内存消耗：1,255.82kb] [文件加载：25]
[ info ] [ LANG ] /var/www/html/tp5manager/thinkphp/lang/zh-cn.php
[ info ] [ ROUTE ] array (
  'type' => 'module',
  'module' => 
  array (
    0 => '',
    1 => NULL,
    2 => NULL,
  ),
)
[ info ] [ HEADER ] array (
  'host' => '116.236.115.125:9000',
  'user-agent' => 'Mozilla/5.0 (Windows NT 6.1; WOW64; rv:47.0) Gecko/20100101 Firefox/47.0',
  'accept' => 'text/html,application/xhtml+xml,application/xml;q=0.9,*/*;q=0.8',
  'accept-language' => 'zh-CN,zh;q=0.8,en-US;q=0.5,en;q=0.3',
  'accept-encoding' => 'gzip, deflate',
  'cookie' => 'cna=UVtjEqR9CGUCAXTiNjdVF/tu; isg=AsTEszP_QqXThvbpDrkgPpCOlkJ2dVky7o4VTt5l1w9SCWTTBu241_rpPboK; _umdata=ED82BDCEC1AA6EB9D0EF7E57DDD3BF8A4D8E7519C9CE00CC2BEA8195B9F1B5B7C559BFA724D7ACB1CD43AD3E795C914C559F65888E8CD38E856E78DAEF8F4C5B; mg_shopcode=9001; PHPSESSID=bqecpgkpghekhilcc1hfvm2ih1; mg_name=%E9%98%BF%E6%9D%9C',
  'connection' => 'keep-alive',
  'content-type' => '',
  'content-length' => '',
)
[ info ] [ PARAM ] array (
)
[ info ] [ RUN ] app\index\controller\Index->index[ /var/www/html/tp5manager/application/index/controller/Index.php ]
[ info ] [ LOG ] INIT File

---------------------------------------------------------------
[ 2018-02-01T16:27:18+08:00 ] 10.20.65.205 180.175.67.212 GET /tp5manager/public/
[ log ] 116.236.115.125:9000/tp5manager/public/ [运行时间：0.011136s][吞吐率：89.80req/s] [内存消耗：1,255.82kb] [文件加载：25]
[ info ] [ LANG ] /var/www/html/tp5manager/thinkphp/lang/zh-cn.php
[ info ] [ ROUTE ] array (
  'type' => 'module',
  'module' => 
  array (
    0 => '',
    1 => NULL,
    2 => NULL,
  ),
)
[ info ] [ HEADER ] array (
  'host' => '116.236.115.125:9000',
  'user-agent' => 'Mozilla/5.0 (Windows NT 6.1; WOW64; rv:47.0) Gecko/20100101 Firefox/47.0',
  'accept' => 'text/html,application/xhtml+xml,application/xml;q=0.9,*/*;q=0.8',
  'accept-language' => 'zh-CN,zh;q=0.8,en-US;q=0.5,en;q=0.3',
  'accept-encoding' => 'gzip, deflate',
  'cookie' => 'cna=UVtjEqR9CGUCAXTiNjdVF/tu; isg=AsTEszP_QqXThvbpDrkgPpCOlkJ2dVky7o4VTt5l1w9SCWTTBu241_rpPboK; _umdata=ED82BDCEC1AA6EB9D0EF7E57DDD3BF8A4D8E7519C9CE00CC2BEA8195B9F1B5B7C559BFA724D7ACB1CD43AD3E795C914C559F65888E8CD38E856E78DAEF8F4C5B; mg_shopcode=9001; PHPSESSID=bqecpgkpghekhilcc1hfvm2ih1; mg_name=%E9%98%BF%E6%9D%9C',
  'connection' => 'keep-alive',
  'content-type' => '',
  'content-length' => '',
)
[ info ] [ PARAM ] array (
)
[ info ] [ RUN ] app\index\controller\Index->index[ /var/www/html/tp5manager/application/index/controller/Index.php ]
[ info ] [ LOG ] INIT File

---------------------------------------------------------------
[ 2018-02-01T16:28:24+08:00 ] 10.20.65.205 180.175.67.212 GET /tp5manager/public/index.php/demo/test
[ log ] 116.236.115.125:9000/tp5manager/public/index.php/demo/test [运行时间：0.016635s][吞吐率：60.11req/s] [内存消耗：1,826.66kb] [文件加载：38]
[ info ] [ LANG ] /var/www/html/tp5manager/thinkphp/lang/zh-cn.php
[ info ] [ ROUTE ] array (
  'type' => 'module',
  'module' => 
  array (
    0 => 'demo',
    1 => 'test',
    2 => NULL,
  ),
)
[ info ] [ HEADER ] array (
  'host' => '116.236.115.125:9000',
  'user-agent' => 'Mozilla/5.0 (Windows NT 6.1; WOW64; rv:47.0) Gecko/20100101 Firefox/47.0',
  'accept' => 'text/html,application/xhtml+xml,application/xml;q=0.9,*/*;q=0.8',
  'accept-language' => 'zh-CN,zh;q=0.8,en-US;q=0.5,en;q=0.3',
  'accept-encoding' => 'gzip, deflate',
  'cookie' => 'cna=UVtjEqR9CGUCAXTiNjdVF/tu; isg=AsTEszP_QqXThvbpDrkgPpCOlkJ2dVky7o4VTt5l1w9SCWTTBu241_rpPboK; _umdata=ED82BDCEC1AA6EB9D0EF7E57DDD3BF8A4D8E7519C9CE00CC2BEA8195B9F1B5B7C559BFA724D7ACB1CD43AD3E795C914C559F65888E8CD38E856E78DAEF8F4C5B; mg_shopcode=9001; PHPSESSID=bqecpgkpghekhilcc1hfvm2ih1; mg_name=%E9%98%BF%E6%9D%9C',
  'connection' => 'keep-alive',
  'content-type' => '',
  'content-length' => '',
)
[ info ] [ PARAM ] array (
)
[ info ] [ RUN ] app\demo\controller\Test->index[ /var/www/html/tp5manager/application/demo/controller/Test.php ]
[ info ] [ VIEW ] /var/www/html/tp5manager/public/../application/demo/view/test/index.html [ array (
) ]
[ info ] [ LOG ] INIT File

---------------------------------------------------------------
[ 2018-02-01T16:29:06+08:00 ] 10.20.65.205 180.175.67.212 GET /tp5manager/public/index.php/index
[ log ] 116.236.115.125:9000/tp5manager/public/index.php/index [运行时间：0.011154s][吞吐率：89.65req/s] [内存消耗：1,255.77kb] [文件加载：25]
[ info ] [ LANG ] /var/www/html/tp5manager/thinkphp/lang/zh-cn.php
[ info ] [ ROUTE ] array (
  'type' => 'module',
  'module' => 
  array (
    0 => 'index',
    1 => NULL,
    2 => NULL,
  ),
)
[ info ] [ HEADER ] array (
  'host' => '116.236.115.125:9000',
  'user-agent' => 'Mozilla/5.0 (Windows NT 6.1; WOW64; rv:47.0) Gecko/20100101 Firefox/47.0',
  'accept' => 'text/html,application/xhtml+xml,application/xml;q=0.9,*/*;q=0.8',
  'accept-language' => 'zh-CN,zh;q=0.8,en-US;q=0.5,en;q=0.3',
  'accept-encoding' => 'gzip, deflate',
  'cookie' => 'cna=UVtjEqR9CGUCAXTiNjdVF/tu; isg=AsTEszP_QqXThvbpDrkgPpCOlkJ2dVky7o4VTt5l1w9SCWTTBu241_rpPboK; _umdata=ED82BDCEC1AA6EB9D0EF7E57DDD3BF8A4D8E7519C9CE00CC2BEA8195B9F1B5B7C559BFA724D7ACB1CD43AD3E795C914C559F65888E8CD38E856E78DAEF8F4C5B; mg_shopcode=9001; PHPSESSID=bqecpgkpghekhilcc1hfvm2ih1; mg_name=%E9%98%BF%E6%9D%9C',
  'connection' => 'keep-alive',
  'content-type' => '',
  'content-length' => '',
)
[ info ] [ PARAM ] array (
)
[ info ] [ RUN ] app\index\controller\Index->index[ /var/www/html/tp5manager/application/index/controller/Index.php ]
[ info ] [ LOG ] INIT File

---------------------------------------------------------------
[ 2018-02-01T16:29:14+08:00 ] 10.20.65.205 180.175.67.212 GET /tp5manager/public/index.php/aceauth/test
[ log ] 116.236.115.125:9000/tp5manager/public/index.php/aceauth/test [运行时间：0.016629s][吞吐率：60.14req/s] [内存消耗：1,835.99kb] [文件加载：38]
[ info ] [ LANG ] /var/www/html/tp5manager/thinkphp/lang/zh-cn.php
[ info ] [ ROUTE ] array (
  'type' => 'module',
  'module' => 
  array (
    0 => 'aceauth',
    1 => 'test',
    2 => NULL,
  ),
)
[ info ] [ HEADER ] array (
  'host' => '116.236.115.125:9000',
  'user-agent' => 'Mozilla/5.0 (Windows NT 6.1; WOW64; rv:47.0) Gecko/20100101 Firefox/47.0',
  'accept' => 'text/html,application/xhtml+xml,application/xml;q=0.9,*/*;q=0.8',
  'accept-language' => 'zh-CN,zh;q=0.8,en-US;q=0.5,en;q=0.3',
  'accept-encoding' => 'gzip, deflate',
  'cookie' => 'cna=UVtjEqR9CGUCAXTiNjdVF/tu; isg=AsTEszP_QqXThvbpDrkgPpCOlkJ2dVky7o4VTt5l1w9SCWTTBu241_rpPboK; _umdata=ED82BDCEC1AA6EB9D0EF7E57DDD3BF8A4D8E7519C9CE00CC2BEA8195B9F1B5B7C559BFA724D7ACB1CD43AD3E795C914C559F65888E8CD38E856E78DAEF8F4C5B; mg_shopcode=9001; PHPSESSID=bqecpgkpghekhilcc1hfvm2ih1; mg_name=%E9%98%BF%E6%9D%9C',
  'connection' => 'keep-alive',
  'content-type' => '',
  'content-length' => '',
)
[ info ] [ PARAM ] array (
)
[ info ] [ RUN ] app\aceauth\controller\Test->index[ /var/www/html/tp5manager/application/aceauth/controller/Test.php ]
[ info ] [ VIEW ] /var/www/html/tp5manager/public/../application/aceauth/view/test/index.html [ array (
) ]
[ info ] [ LOG ] INIT File

---------------------------------------------------------------
[ 2018-02-01T16:29:49+08:00 ] 10.20.65.205 180.175.67.212 GET /tp5manager/public/index.php/yyshop/admin/index
[ log ] 116.236.115.125:9000/tp5manager/public/index.php/yyshop/admin/index [运行时间：0.014087s][吞吐率：70.99req/s] [内存消耗：1,633.18kb] [文件加载：36]
[ info ] [ LANG ] /var/www/html/tp5manager/thinkphp/lang/zh-cn.php
[ info ] [ ROUTE ] array (
  'type' => 'module',
  'module' => 
  array (
    0 => 'yyshop',
    1 => 'admin',
    2 => 'index',
  ),
)
[ info ] [ HEADER ] array (
  'host' => '116.236.115.125:9000',
  'user-agent' => 'Mozilla/5.0 (Windows NT 6.1; WOW64; rv:47.0) Gecko/20100101 Firefox/47.0',
  'accept' => 'text/html,application/xhtml+xml,application/xml;q=0.9,*/*;q=0.8',
  'accept-language' => 'zh-CN,zh;q=0.8,en-US;q=0.5,en;q=0.3',
  'accept-encoding' => 'gzip, deflate',
  'cookie' => 'cna=UVtjEqR9CGUCAXTiNjdVF/tu; isg=AsTEszP_QqXThvbpDrkgPpCOlkJ2dVky7o4VTt5l1w9SCWTTBu241_rpPboK; _umdata=ED82BDCEC1AA6EB9D0EF7E57DDD3BF8A4D8E7519C9CE00CC2BEA8195B9F1B5B7C559BFA724D7ACB1CD43AD3E795C914C559F65888E8CD38E856E78DAEF8F4C5B; mg_shopcode=9001; PHPSESSID=bqecpgkpghekhilcc1hfvm2ih1; mg_name=%E9%98%BF%E6%9D%9C',
  'connection' => 'keep-alive',
  'content-type' => '',
  'content-length' => '',
)
[ info ] [ PARAM ] array (
)
[ info ] [ RUN ] app\yyshop\controller\Admin->index[ /var/www/html/tp5manager/application/yyshop/controller/Admin.php ]
[ info ] [ VIEW ] /var/www/html/tp5manager/public/../application/yyshop/view/admin/index.html [ array (
) ]
[ info ] [ LOG ] INIT File

---------------------------------------------------------------
[ 2018-02-01T16:29:49+08:00 ] 10.20.65.205 180.175.67.212 GET /tp5manager/public/index.php/yyshop/admin/head
[ log ] 116.236.115.125:9000/tp5manager/public/index.php/yyshop/admin/head [运行时间：0.014430s][吞吐率：69.30req/s] [内存消耗：1,633.31kb] [文件加载：36]
[ info ] [ LANG ] /var/www/html/tp5manager/thinkphp/lang/zh-cn.php
[ info ] [ ROUTE ] array (
  'type' => 'module',
  'module' => 
  array (
    0 => 'yyshop',
    1 => 'admin',
    2 => 'head',
  ),
)
[ info ] [ HEADER ] array (
  'host' => '116.236.115.125:9000',
  'user-agent' => 'Mozilla/5.0 (Windows NT 6.1; WOW64; rv:47.0) Gecko/20100101 Firefox/47.0',
  'accept' => 'text/html,application/xhtml+xml,application/xml;q=0.9,*/*;q=0.8',
  'accept-language' => 'zh-CN,zh;q=0.8,en-US;q=0.5,en;q=0.3',
  'accept-encoding' => 'gzip, deflate',
  'referer' => 'http://116.236.115.125:9000/tp5manager/public/index.php/yyshop/admin/index',
  'cookie' => 'cna=UVtjEqR9CGUCAXTiNjdVF/tu; isg=AsTEszP_QqXThvbpDrkgPpCOlkJ2dVky7o4VTt5l1w9SCWTTBu241_rpPboK; _umdata=ED82BDCEC1AA6EB9D0EF7E57DDD3BF8A4D8E7519C9CE00CC2BEA8195B9F1B5B7C559BFA724D7ACB1CD43AD3E795C914C559F65888E8CD38E856E78DAEF8F4C5B; mg_shopcode=9001; PHPSESSID=bqecpgkpghekhilcc1hfvm2ih1; mg_name=%E9%98%BF%E6%9D%9C',
  'connection' => 'keep-alive',
  'content-type' => '',
  'content-length' => '',
)
[ info ] [ PARAM ] array (
)
[ info ] [ RUN ] app\yyshop\controller\Admin->head[ /var/www/html/tp5manager/application/yyshop/controller/Admin.php ]
[ info ] [ VIEW ] /var/www/html/tp5manager/public/../application/yyshop/view/admin/head.html [ array (
) ]
[ info ] [ LOG ] INIT File

---------------------------------------------------------------
[ 2018-02-01T16:29:49+08:00 ] 10.20.65.205 180.175.67.212 GET /tp5manager/public/index.php/yyshop/admin/left
[ log ] 116.236.115.125:9000/tp5manager/public/index.php/yyshop/admin/left [运行时间：0.014494s][吞吐率：68.99req/s] [内存消耗：1,633.30kb] [文件加载：36]
[ info ] [ LANG ] /var/www/html/tp5manager/thinkphp/lang/zh-cn.php
[ info ] [ ROUTE ] array (
  'type' => 'module',
  'module' => 
  array (
    0 => 'yyshop',
    1 => 'admin',
    2 => 'left',
  ),
)
[ info ] [ HEADER ] array (
  'host' => '116.236.115.125:9000',
  'user-agent' => 'Mozilla/5.0 (Windows NT 6.1; WOW64; rv:47.0) Gecko/20100101 Firefox/47.0',
  'accept' => 'text/html,application/xhtml+xml,application/xml;q=0.9,*/*;q=0.8',
  'accept-language' => 'zh-CN,zh;q=0.8,en-US;q=0.5,en;q=0.3',
  'accept-encoding' => 'gzip, deflate',
  'referer' => 'http://116.236.115.125:9000/tp5manager/public/index.php/yyshop/admin/index',
  'cookie' => 'cna=UVtjEqR9CGUCAXTiNjdVF/tu; isg=AsTEszP_QqXThvbpDrkgPpCOlkJ2dVky7o4VTt5l1w9SCWTTBu241_rpPboK; _umdata=ED82BDCEC1AA6EB9D0EF7E57DDD3BF8A4D8E7519C9CE00CC2BEA8195B9F1B5B7C559BFA724D7ACB1CD43AD3E795C914C559F65888E8CD38E856E78DAEF8F4C5B; mg_shopcode=9001; PHPSESSID=bqecpgkpghekhilcc1hfvm2ih1; mg_name=%E9%98%BF%E6%9D%9C',
  'connection' => 'keep-alive',
  'content-type' => '',
  'content-length' => '',
)
[ info ] [ PARAM ] array (
)
[ info ] [ RUN ] app\yyshop\controller\Admin->left[ /var/www/html/tp5manager/application/yyshop/controller/Admin.php ]
[ info ] [ VIEW ] /var/www/html/tp5manager/public/../application/yyshop/view/admin/left.html [ array (
) ]
[ info ] [ LOG ] INIT File

---------------------------------------------------------------
[ 2018-02-01T16:29:49+08:00 ] 10.20.65.205 180.175.67.212 GET /tp5manager/public/index.php/yyshop/admin/right
[ log ] 116.236.115.125:9000/tp5manager/public/index.php/yyshop/admin/right [运行时间：0.013542s][吞吐率：73.84req/s] [内存消耗：1,633.34kb] [文件加载：36]
[ info ] [ LANG ] /var/www/html/tp5manager/thinkphp/lang/zh-cn.php
[ info ] [ ROUTE ] array (
  'type' => 'module',
  'module' => 
  array (
    0 => 'yyshop',
    1 => 'admin',
    2 => 'right',
  ),
)
[ info ] [ HEADER ] array (
  'host' => '116.236.115.125:9000',
  'user-agent' => 'Mozilla/5.0 (Windows NT 6.1; WOW64; rv:47.0) Gecko/20100101 Firefox/47.0',
  'accept' => 'text/html,application/xhtml+xml,application/xml;q=0.9,*/*;q=0.8',
  'accept-language' => 'zh-CN,zh;q=0.8,en-US;q=0.5,en;q=0.3',
  'accept-encoding' => 'gzip, deflate',
  'referer' => 'http://116.236.115.125:9000/tp5manager/public/index.php/yyshop/admin/index',
  'cookie' => 'cna=UVtjEqR9CGUCAXTiNjdVF/tu; isg=AsTEszP_QqXThvbpDrkgPpCOlkJ2dVky7o4VTt5l1w9SCWTTBu241_rpPboK; _umdata=ED82BDCEC1AA6EB9D0EF7E57DDD3BF8A4D8E7519C9CE00CC2BEA8195B9F1B5B7C559BFA724D7ACB1CD43AD3E795C914C559F65888E8CD38E856E78DAEF8F4C5B; mg_shopcode=9001; PHPSESSID=bqecpgkpghekhilcc1hfvm2ih1; mg_name=%E9%98%BF%E6%9D%9C',
  'connection' => 'keep-alive',
  'content-type' => '',
  'content-length' => '',
)
[ info ] [ PARAM ] array (
)
[ info ] [ RUN ] app\yyshop\controller\Admin->right[ /var/www/html/tp5manager/application/yyshop/controller/Admin.php ]
[ info ] [ VIEW ] /var/www/html/tp5manager/public/../application/yyshop/view/admin/right.html [ array (
) ]
[ info ] [ LOG ] INIT File

---------------------------------------------------------------
[ 2018-02-01T16:29:49+08:00 ] 10.20.65.205 180.175.67.212 GET /tp5manager/public/index.php/yyshop/admin/admin.css
[ log ] 116.236.115.125:9000/tp5manager/public/index.php/yyshop/admin/admin.css [运行时间：0.015222s][吞吐率：65.69req/s] [内存消耗：1,698.52kb] [文件加载：38]
[ info ] [ LANG ] /var/www/html/tp5manager/thinkphp/lang/zh-cn.php
[ info ] [ ROUTE ] array (
  'type' => 'module',
  'module' => 
  array (
    0 => 'yyshop',
    1 => 'admin',
    2 => 'admin.css',
  ),
)
[ info ] [ HEADER ] array (
  'host' => '116.236.115.125:9000',
  'user-agent' => 'Mozilla/5.0 (Windows NT 6.1; WOW64; rv:47.0) Gecko/20100101 Firefox/47.0',
  'accept' => 'text/css,*/*;q=0.1',
  'accept-language' => 'zh-CN,zh;q=0.8,en-US;q=0.5,en;q=0.3',
  'accept-encoding' => 'gzip, deflate',
  'referer' => 'http://116.236.115.125:9000/tp5manager/public/index.php/yyshop/admin/left',
  'cookie' => 'cna=UVtjEqR9CGUCAXTiNjdVF/tu; isg=AsTEszP_QqXThvbpDrkgPpCOlkJ2dVky7o4VTt5l1w9SCWTTBu241_rpPboK; _umdata=ED82BDCEC1AA6EB9D0EF7E57DDD3BF8A4D8E7519C9CE00CC2BEA8195B9F1B5B7C559BFA724D7ACB1CD43AD3E795C914C559F65888E8CD38E856E78DAEF8F4C5B; mg_shopcode=9001; PHPSESSID=bqecpgkpghekhilcc1hfvm2ih1; mg_name=%E9%98%BF%E6%9D%9C',
  'connection' => 'keep-alive',
  'content-type' => '',
  'content-length' => '',
)
[ info ] [ PARAM ] array (
)
[ info ] [ LOG ] INIT File

---------------------------------------------------------------
[ 2018-02-01T16:29:49+08:00 ] 10.20.65.205 180.175.67.212 GET /tp5manager/public/index.php/yyshop/admin/admin_p.gif
[ log ] 116.236.115.125:9000/tp5manager/public/index.php/yyshop/admin/admin_p.gif [运行时间：0.016995s][吞吐率：58.84req/s] [内存消耗：1,698.56kb] [文件加载：38]
[ info ] [ LANG ] /var/www/html/tp5manager/thinkphp/lang/zh-cn.php
[ info ] [ ROUTE ] array (
  'type' => 'module',
  'module' => 
  array (
    0 => 'yyshop',
    1 => 'admin',
    2 => 'admin_p.gif',
  ),
)
[ info ] [ HEADER ] array (
  'host' => '116.236.115.125:9000',
  'user-agent' => 'Mozilla/5.0 (Windows NT 6.1; WOW64; rv:47.0) Gecko/20100101 Firefox/47.0',
  'accept' => '*/*',
  'accept-language' => 'zh-CN,zh;q=0.8,en-US;q=0.5,en;q=0.3',
  'accept-encoding' => 'gzip, deflate',
  'referer' => 'http://116.236.115.125:9000/tp5manager/public/index.php/yyshop/admin/right',
  'cookie' => 'cna=UVtjEqR9CGUCAXTiNjdVF/tu; isg=AsTEszP_QqXThvbpDrkgPpCOlkJ2dVky7o4VTt5l1w9SCWTTBu241_rpPboK; _umdata=ED82BDCEC1AA6EB9D0EF7E57DDD3BF8A4D8E7519C9CE00CC2BEA8195B9F1B5B7C559BFA724D7ACB1CD43AD3E795C914C559F65888E8CD38E856E78DAEF8F4C5B; mg_shopcode=9001; PHPSESSID=bqecpgkpghekhilcc1hfvm2ih1; mg_name=%E9%98%BF%E6%9D%9C',
  'connection' => 'keep-alive',
  'content-type' => '',
  'content-length' => '',
)
[ info ] [ PARAM ] array (
)
[ info ] [ LOG ] INIT File

---------------------------------------------------------------
[ 2018-02-01T16:29:49+08:00 ] 10.20.65.205 180.175.67.212 GET /tp5manager/public/index.php/yyshop/admin/title_bg1.jpg
[ log ] 116.236.115.125:9000/tp5manager/public/index.php/yyshop/admin/title_bg1.jpg [运行时间：0.015304s][吞吐率：65.34req/s] [内存消耗：1,698.66kb] [文件加载：38]
[ info ] [ LANG ] /var/www/html/tp5manager/thinkphp/lang/zh-cn.php
[ info ] [ ROUTE ] array (
  'type' => 'module',
  'module' => 
  array (
    0 => 'yyshop',
    1 => 'admin',
    2 => 'title_bg1.jpg',
  ),
)
[ info ] [ HEADER ] array (
  'host' => '116.236.115.125:9000',
  'user-agent' => 'Mozilla/5.0 (Windows NT 6.1; WOW64; rv:47.0) Gecko/20100101 Firefox/47.0',
  'accept' => '*/*',
  'accept-language' => 'zh-CN,zh;q=0.8,en-US;q=0.5,en;q=0.3',
  'accept-encoding' => 'gzip, deflate',
  'referer' => 'http://116.236.115.125:9000/tp5manager/public/index.php/yyshop/admin/right',
  'cookie' => 'cna=UVtjEqR9CGUCAXTiNjdVF/tu; isg=AsTEszP_QqXThvbpDrkgPpCOlkJ2dVky7o4VTt5l1w9SCWTTBu241_rpPboK; _umdata=ED82BDCEC1AA6EB9D0EF7E57DDD3BF8A4D8E7519C9CE00CC2BEA8195B9F1B5B7C559BFA724D7ACB1CD43AD3E795C914C559F65888E8CD38E856E78DAEF8F4C5B; mg_shopcode=9001; PHPSESSID=bqecpgkpghekhilcc1hfvm2ih1; mg_name=%E9%98%BF%E6%9D%9C',
  'connection' => 'keep-alive',
  'content-type' => '',
  'content-length' => '',
)
[ info ] [ PARAM ] array (
)
[ info ] [ LOG ] INIT File

---------------------------------------------------------------
[ 2018-02-01T16:29:49+08:00 ] 10.20.65.205 180.175.67.212 GET /tp5manager/public/index.php/yyshop/admin/shadow_bg.jpg
[ log ] 116.236.115.125:9000/tp5manager/public/index.php/yyshop/admin/shadow_bg.jpg [运行时间：0.015091s][吞吐率：66.26req/s] [内存消耗：1,698.63kb] [文件加载：38]
[ info ] [ LANG ] /var/www/html/tp5manager/thinkphp/lang/zh-cn.php
[ info ] [ ROUTE ] array (
  'type' => 'module',
  'module' => 
  array (
    0 => 'yyshop',
    1 => 'admin',
    2 => 'shadow_bg.jpg',
  ),
)
[ info ] [ HEADER ] array (
  'host' => '116.236.115.125:9000',
  'user-agent' => 'Mozilla/5.0 (Windows NT 6.1; WOW64; rv:47.0) Gecko/20100101 Firefox/47.0',
  'accept' => '*/*',
  'accept-language' => 'zh-CN,zh;q=0.8,en-US;q=0.5,en;q=0.3',
  'accept-encoding' => 'gzip, deflate',
  'referer' => 'http://116.236.115.125:9000/tp5manager/public/index.php/yyshop/admin/right',
  'cookie' => 'cna=UVtjEqR9CGUCAXTiNjdVF/tu; isg=AsTEszP_QqXThvbpDrkgPpCOlkJ2dVky7o4VTt5l1w9SCWTTBu241_rpPboK; _umdata=ED82BDCEC1AA6EB9D0EF7E57DDD3BF8A4D8E7519C9CE00CC2BEA8195B9F1B5B7C559BFA724D7ACB1CD43AD3E795C914C559F65888E8CD38E856E78DAEF8F4C5B; mg_shopcode=9001; PHPSESSID=bqecpgkpghekhilcc1hfvm2ih1; mg_name=%E9%98%BF%E6%9D%9C',
  'connection' => 'keep-alive',
  'content-type' => '',
  'content-length' => '',
)
[ info ] [ PARAM ] array (
)
[ info ] [ LOG ] INIT File

---------------------------------------------------------------
[ 2018-02-01T16:29:49+08:00 ] 10.20.65.205 180.175.67.212 GET /tp5manager/public/index.php/yyshop/admin/title_bg2.jpg
[ log ] 116.236.115.125:9000/tp5manager/public/index.php/yyshop/admin/title_bg2.jpg [运行时间：0.015081s][吞吐率：66.31req/s] [内存消耗：1,698.66kb] [文件加载：38]
[ info ] [ LANG ] /var/www/html/tp5manager/thinkphp/lang/zh-cn.php
[ info ] [ ROUTE ] array (
  'type' => 'module',
  'module' => 
  array (
    0 => 'yyshop',
    1 => 'admin',
    2 => 'title_bg2.jpg',
  ),
)
[ info ] [ HEADER ] array (
  'host' => '116.236.115.125:9000',
  'user-agent' => 'Mozilla/5.0 (Windows NT 6.1; WOW64; rv:47.0) Gecko/20100101 Firefox/47.0',
  'accept' => '*/*',
  'accept-language' => 'zh-CN,zh;q=0.8,en-US;q=0.5,en;q=0.3',
  'accept-encoding' => 'gzip, deflate',
  'referer' => 'http://116.236.115.125:9000/tp5manager/public/index.php/yyshop/admin/right',
  'cookie' => 'cna=UVtjEqR9CGUCAXTiNjdVF/tu; isg=AsTEszP_QqXThvbpDrkgPpCOlkJ2dVky7o4VTt5l1w9SCWTTBu241_rpPboK; _umdata=ED82BDCEC1AA6EB9D0EF7E57DDD3BF8A4D8E7519C9CE00CC2BEA8195B9F1B5B7C559BFA724D7ACB1CD43AD3E795C914C559F65888E8CD38E856E78DAEF8F4C5B; mg_shopcode=9001; PHPSESSID=bqecpgkpghekhilcc1hfvm2ih1; mg_name=%E9%98%BF%E6%9D%9C',
  'connection' => 'keep-alive',
  'content-type' => '',
  'content-length' => '',
)
[ info ] [ PARAM ] array (
)
[ info ] [ LOG ] INIT File

---------------------------------------------------------------
[ 2018-02-01T16:29:52+08:00 ] 10.20.65.205 180.175.67.212 GET /tp5manager/public/index.php/yyshop/admin/grid.html
[ log ] 116.236.115.125:9000/tp5manager/public/index.php/yyshop/admin/grid.html [运行时间：0.016417s][吞吐率：60.91req/s] [内存消耗：1,698.63kb] [文件加载：38]
[ info ] [ LANG ] /var/www/html/tp5manager/thinkphp/lang/zh-cn.php
[ info ] [ ROUTE ] array (
  'type' => 'module',
  'module' => 
  array (
    0 => 'yyshop',
    1 => 'admin',
    2 => 'grid',
  ),
)
[ info ] [ HEADER ] array (
  'host' => '116.236.115.125:9000',
  'user-agent' => 'Mozilla/5.0 (Windows NT 6.1; WOW64; rv:47.0) Gecko/20100101 Firefox/47.0',
  'accept' => 'text/html,application/xhtml+xml,application/xml;q=0.9,*/*;q=0.8',
  'accept-language' => 'zh-CN,zh;q=0.8,en-US;q=0.5,en;q=0.3',
  'accept-encoding' => 'gzip, deflate',
  'referer' => 'http://116.236.115.125:9000/tp5manager/public/index.php/yyshop/admin/left',
  'cookie' => 'cna=UVtjEqR9CGUCAXTiNjdVF/tu; isg=AsTEszP_QqXThvbpDrkgPpCOlkJ2dVky7o4VTt5l1w9SCWTTBu241_rpPboK; _umdata=ED82BDCEC1AA6EB9D0EF7E57DDD3BF8A4D8E7519C9CE00CC2BEA8195B9F1B5B7C559BFA724D7ACB1CD43AD3E795C914C559F65888E8CD38E856E78DAEF8F4C5B; mg_shopcode=9001; PHPSESSID=bqecpgkpghekhilcc1hfvm2ih1; mg_name=%E9%98%BF%E6%9D%9C',
  'connection' => 'keep-alive',
  'content-type' => '',
  'content-length' => '',
)
[ info ] [ PARAM ] array (
)
[ info ] [ LOG ] INIT File

---------------------------------------------------------------
[ 2018-02-01T16:29:59+08:00 ] 10.20.65.205 180.175.67.212 GET /tp5manager/public/index.php/yyshop/index/bootsplayout2
[ log ] 116.236.115.125:9000/tp5manager/public/index.php/yyshop/index/bootsplayout2 [运行时间：0.014006s][吞吐率：71.40req/s] [内存消耗：1,655.88kb] [文件加载：36]
[ info ] [ LANG ] /var/www/html/tp5manager/thinkphp/lang/zh-cn.php
[ info ] [ ROUTE ] array (
  'type' => 'module',
  'module' => 
  array (
    0 => 'yyshop',
    1 => 'index',
    2 => 'bootsplayout2',
  ),
)
[ info ] [ HEADER ] array (
  'host' => '116.236.115.125:9000',
  'user-agent' => 'Mozilla/5.0 (Windows NT 6.1; WOW64; rv:47.0) Gecko/20100101 Firefox/47.0',
  'accept' => 'text/html,application/xhtml+xml,application/xml;q=0.9,*/*;q=0.8',
  'accept-language' => 'zh-CN,zh;q=0.8,en-US;q=0.5,en;q=0.3',
  'accept-encoding' => 'gzip, deflate',
  'cookie' => 'cna=UVtjEqR9CGUCAXTiNjdVF/tu; isg=AsTEszP_QqXThvbpDrkgPpCOlkJ2dVky7o4VTt5l1w9SCWTTBu241_rpPboK; _umdata=ED82BDCEC1AA6EB9D0EF7E57DDD3BF8A4D8E7519C9CE00CC2BEA8195B9F1B5B7C559BFA724D7ACB1CD43AD3E795C914C559F65888E8CD38E856E78DAEF8F4C5B; mg_shopcode=9001; PHPSESSID=bqecpgkpghekhilcc1hfvm2ih1; mg_name=%E9%98%BF%E6%9D%9C',
  'connection' => 'keep-alive',
  'content-type' => '',
  'content-length' => '',
)
[ info ] [ PARAM ] array (
)
[ info ] [ RUN ] app\yyshop\controller\Index->bootspLayout2[ /var/www/html/tp5manager/application/yyshop/controller/Index.php ]
[ info ] [ VIEW ] /var/www/html/tp5manager/public/../application/yyshop/view/index/bootsplayout2.html [ array (
) ]
[ info ] [ LOG ] INIT File

---------------------------------------------------------------
[ 2018-02-01T16:30:00+08:00 ] 10.20.65.205 180.175.67.212 GET /tp5manager/public/index.php/yyshop/index/bootsplayout2
[ log ] 116.236.115.125:9000/tp5manager/public/index.php/yyshop/index/bootsplayout2 [运行时间：0.014480s][吞吐率：69.06req/s] [内存消耗：1,655.55kb] [文件加载：36]
[ info ] [ LANG ] /var/www/html/tp5manager/thinkphp/lang/zh-cn.php
[ info ] [ ROUTE ] array (
  'type' => 'module',
  'module' => 
  array (
    0 => 'yyshop',
    1 => 'index',
    2 => 'bootsplayout2',
  ),
)
[ info ] [ HEADER ] array (
  'host' => '116.236.115.125:9000',
  'user-agent' => 'Mozilla/5.0 (Windows NT 6.1; WOW64; rv:47.0) Gecko/20100101 Firefox/47.0',
  'accept' => '*/*',
  'accept-language' => 'zh-CN,zh;q=0.8,en-US;q=0.5,en;q=0.3',
  'accept-encoding' => 'gzip, deflate',
  'referer' => 'http://116.236.115.125:9000/tp5manager/public/index.php/yyshop/index/bootsplayout2',
  'cookie' => 'cna=UVtjEqR9CGUCAXTiNjdVF/tu; isg=AsTEszP_QqXThvbpDrkgPpCOlkJ2dVky7o4VTt5l1w9SCWTTBu241_rpPboK; _umdata=ED82BDCEC1AA6EB9D0EF7E57DDD3BF8A4D8E7519C9CE00CC2BEA8195B9F1B5B7C559BFA724D7ACB1CD43AD3E795C914C559F65888E8CD38E856E78DAEF8F4C5B; mg_shopcode=9001; PHPSESSID=bqecpgkpghekhilcc1hfvm2ih1; mg_name=%E9%98%BF%E6%9D%9C',
  'connection' => 'keep-alive',
  'content-type' => '',
  'content-length' => '',
)
[ info ] [ PARAM ] array (
)
[ info ] [ RUN ] app\yyshop\controller\Index->bootspLayout2[ /var/www/html/tp5manager/application/yyshop/controller/Index.php ]
[ info ] [ VIEW ] /var/www/html/tp5manager/public/../application/yyshop/view/index/bootsplayout2.html [ array (
) ]
[ info ] [ LOG ] INIT File

---------------------------------------------------------------
[ 2018-02-01T16:30:09+08:00 ] 10.20.65.205 180.175.67.212 GET /tp5manager/public/index.php/yyshop/index/getUserInfo
[ log ] 116.236.115.125:9000/tp5manager/public/index.php/yyshop/index/getUserInfo [运行时间：0.015386s][吞吐率：64.99req/s] [内存消耗：1,655.65kb] [文件加载：36]
[ info ] [ LANG ] /var/www/html/tp5manager/thinkphp/lang/zh-cn.php
[ info ] [ ROUTE ] array (
  'type' => 'module',
  'module' => 
  array (
    0 => 'yyshop',
    1 => 'index',
    2 => 'getUserInfo',
  ),
)
[ info ] [ HEADER ] array (
  'host' => '116.236.115.125:9000',
  'user-agent' => 'Mozilla/5.0 (Windows NT 6.1; WOW64; rv:47.0) Gecko/20100101 Firefox/47.0',
  'accept' => 'text/html,application/xhtml+xml,application/xml;q=0.9,*/*;q=0.8',
  'accept-language' => 'zh-CN,zh;q=0.8,en-US;q=0.5,en;q=0.3',
  'accept-encoding' => 'gzip, deflate',
  'cookie' => 'cna=UVtjEqR9CGUCAXTiNjdVF/tu; isg=AsTEszP_QqXThvbpDrkgPpCOlkJ2dVky7o4VTt5l1w9SCWTTBu241_rpPboK; _umdata=ED82BDCEC1AA6EB9D0EF7E57DDD3BF8A4D8E7519C9CE00CC2BEA8195B9F1B5B7C559BFA724D7ACB1CD43AD3E795C914C559F65888E8CD38E856E78DAEF8F4C5B; mg_shopcode=9001; PHPSESSID=bqecpgkpghekhilcc1hfvm2ih1; mg_name=%E9%98%BF%E6%9D%9C',
  'connection' => 'keep-alive',
  'content-type' => '',
  'content-length' => '',
)
[ info ] [ PARAM ] array (
)
[ info ] [ RUN ] app\yyshop\controller\Index->getUserInfo[ /var/www/html/tp5manager/application/yyshop/controller/Index.php ]
[ info ] [ VIEW ] /var/www/html/tp5manager/public/../application/yyshop/view/index/bootsplist.html [ array (
  0 => 'user_id',
  1 => 'name',
  2 => 'address',
  3 => 'remark',
) ]
[ info ] [ LOG ] INIT File

---------------------------------------------------------------
[ 2018-02-01T16:30:25+08:00 ] 10.20.65.205 180.175.67.212 GET /tp5manager/public/index.php/demo/test
[ log ] 116.236.115.125:9000/tp5manager/public/index.php/demo/test [运行时间：0.014610s][吞吐率：68.45req/s] [内存消耗：1,637.63kb] [文件加载：36]
[ info ] [ LANG ] /var/www/html/tp5manager/thinkphp/lang/zh-cn.php
[ info ] [ ROUTE ] array (
  'type' => 'module',
  'module' => 
  array (
    0 => 'demo',
    1 => 'test',
    2 => NULL,
  ),
)
[ info ] [ HEADER ] array (
  'host' => '116.236.115.125:9000',
  'user-agent' => 'Mozilla/5.0 (Windows NT 6.1; WOW64; rv:47.0) Gecko/20100101 Firefox/47.0',
  'accept' => 'text/html,application/xhtml+xml,application/xml;q=0.9,*/*;q=0.8',
  'accept-language' => 'zh-CN,zh;q=0.8,en-US;q=0.5,en;q=0.3',
  'accept-encoding' => 'gzip, deflate',
  'cookie' => 'cna=UVtjEqR9CGUCAXTiNjdVF/tu; isg=AsTEszP_QqXThvbpDrkgPpCOlkJ2dVky7o4VTt5l1w9SCWTTBu241_rpPboK; _umdata=ED82BDCEC1AA6EB9D0EF7E57DDD3BF8A4D8E7519C9CE00CC2BEA8195B9F1B5B7C559BFA724D7ACB1CD43AD3E795C914C559F65888E8CD38E856E78DAEF8F4C5B; mg_shopcode=9001; PHPSESSID=bqecpgkpghekhilcc1hfvm2ih1; mg_name=%E9%98%BF%E6%9D%9C',
  'connection' => 'keep-alive',
  'content-type' => '',
  'content-length' => '',
)
[ info ] [ PARAM ] array (
)
[ info ] [ RUN ] app\demo\controller\Test->index[ /var/www/html/tp5manager/application/demo/controller/Test.php ]
[ info ] [ VIEW ] /var/www/html/tp5manager/public/../application/demo/view/test/index.html [ array (
) ]
[ info ] [ LOG ] INIT File

---------------------------------------------------------------
