[ 2017-12-08T11:11:02+08:00 ] 10.20.65.205 114.95.185.185 GET /tp5manager/public/index.php/yyshop/index/bootsplist
[ log ] 116.236.115.125:9000/tp5manager/public/index.php/yyshop/index/bootsplist [运行时间：0.019145s][吞吐率：52.23req/s] [内存消耗：1,946.17kb] [文件加载：42]
[ info ] [ LANG ] /var/www/html/tp5manager/thinkphp/lang/zh-cn.php
[ info ] [ ROUTE ] array (
  'type' => 'module',
  'module' => 
  array (
    0 => 'yyshop',
    1 => 'index',
    2 => 'bootsplist',
  ),
)
[ info ] [ HEADER ] array (
  'host' => '116.236.115.125:9000',
  'user-agent' => 'Mozilla/5.0 (Windows NT 6.1; WOW64; rv:47.0) Gecko/20100101 Firefox/47.0',
  'accept' => 'text/html,application/xhtml+xml,application/xml;q=0.9,*/*;q=0.8',
  'accept-language' => 'zh-CN,zh;q=0.8,en-US;q=0.5,en;q=0.3',
  'accept-encoding' => 'gzip, deflate',
  'cookie' => 'cna=UVtjEqR9CGUCAXTiNjdVF/tu; isg=AsTEszP_QqXThvbpDrkgPpCOlkJ2dVky7o4VTt5l1w9SCWTTBu241_rpPboK; _umdata=ED82BDCEC1AA6EB9D0EF7E57DDD3BF8A4D8E7519C9CE00CC2BEA8195B9F1B5B7C559BFA724D7ACB1CD43AD3E795C914C559F65888E8CD38E856E78DAEF8F4C5B; PHPSESSID=5snummnjajbc2v3gcd5298dj27; mg_shopcode=9001',
  'connection' => 'keep-alive',
  'content-type' => '',
  'content-length' => '',
)
[ info ] [ PARAM ] array (
)
[ info ] [ RUN ] app\yyshop\controller\Index->bootspList[ /var/www/html/tp5manager/application/yyshop/controller/Index.php ]
[ info ] [ VIEW ] /var/www/html/tp5manager/public/../application/yyshop/view/index/bootsplist.html [ array (
) ]
[ info ] [ LOG ] INIT File
[ error ] [8]未定义变量: user_id[/var/www/html/tp5manager/runtime/temp/c07bb21feb9d3dec473578d088455043.php:246]

---------------------------------------------------------------
[ 2017-12-08T11:11:12+08:00 ] 10.20.65.205 114.95.185.185 GET /tp5manager/public/index.php/yyshop/admin/index
[ log ] 116.236.115.125:9000/tp5manager/public/index.php/yyshop/admin/index [运行时间：0.015242s][吞吐率：65.61req/s] [内存消耗：1,633.19kb] [文件加载：36]
[ info ] [ LANG ] /var/www/html/tp5manager/thinkphp/lang/zh-cn.php
[ info ] [ ROUTE ] array (
  'type' => 'module',
  'module' => 
  array (
    0 => 'yyshop',
    1 => 'admin',
    2 => 'index',
  ),
)
[ info ] [ HEADER ] array (
  'host' => '116.236.115.125:9000',
  'user-agent' => 'Mozilla/5.0 (Windows NT 6.1; WOW64; rv:47.0) Gecko/20100101 Firefox/47.0',
  'accept' => 'text/html,application/xhtml+xml,application/xml;q=0.9,*/*;q=0.8',
  'accept-language' => 'zh-CN,zh;q=0.8,en-US;q=0.5,en;q=0.3',
  'accept-encoding' => 'gzip, deflate',
  'cookie' => 'cna=UVtjEqR9CGUCAXTiNjdVF/tu; isg=AsTEszP_QqXThvbpDrkgPpCOlkJ2dVky7o4VTt5l1w9SCWTTBu241_rpPboK; _umdata=ED82BDCEC1AA6EB9D0EF7E57DDD3BF8A4D8E7519C9CE00CC2BEA8195B9F1B5B7C559BFA724D7ACB1CD43AD3E795C914C559F65888E8CD38E856E78DAEF8F4C5B; PHPSESSID=5snummnjajbc2v3gcd5298dj27; mg_shopcode=9001',
  'connection' => 'keep-alive',
  'content-type' => '',
  'content-length' => '',
)
[ info ] [ PARAM ] array (
)
[ info ] [ RUN ] app\yyshop\controller\Admin->index[ /var/www/html/tp5manager/application/yyshop/controller/Admin.php ]
[ info ] [ VIEW ] /var/www/html/tp5manager/public/../application/yyshop/view/admin/index.html [ array (
) ]
[ info ] [ LOG ] INIT File

---------------------------------------------------------------
[ 2017-12-08T11:11:12+08:00 ] 10.20.65.205 114.95.185.185 GET /tp5manager/public/index.php/yyshop/admin/head
[ log ] 116.236.115.125:9000/tp5manager/public/index.php/yyshop/admin/head [运行时间：0.014232s][吞吐率：70.26req/s] [内存消耗：1,633.48kb] [文件加载：36]
[ info ] [ LANG ] /var/www/html/tp5manager/thinkphp/lang/zh-cn.php
[ info ] [ ROUTE ] array (
  'type' => 'module',
  'module' => 
  array (
    0 => 'yyshop',
    1 => 'admin',
    2 => 'head',
  ),
)
[ info ] [ HEADER ] array (
  'host' => '116.236.115.125:9000',
  'user-agent' => 'Mozilla/5.0 (Windows NT 6.1; WOW64; rv:47.0) Gecko/20100101 Firefox/47.0',
  'accept' => 'text/html,application/xhtml+xml,application/xml;q=0.9,*/*;q=0.8',
  'accept-language' => 'zh-CN,zh;q=0.8,en-US;q=0.5,en;q=0.3',
  'accept-encoding' => 'gzip, deflate',
  'referer' => 'http://116.236.115.125:9000/tp5manager/public/index.php/yyshop/admin/index',
  'cookie' => 'cna=UVtjEqR9CGUCAXTiNjdVF/tu; isg=AsTEszP_QqXThvbpDrkgPpCOlkJ2dVky7o4VTt5l1w9SCWTTBu241_rpPboK; _umdata=ED82BDCEC1AA6EB9D0EF7E57DDD3BF8A4D8E7519C9CE00CC2BEA8195B9F1B5B7C559BFA724D7ACB1CD43AD3E795C914C559F65888E8CD38E856E78DAEF8F4C5B; PHPSESSID=5snummnjajbc2v3gcd5298dj27; mg_shopcode=9001',
  'connection' => 'keep-alive',
  'content-type' => '',
  'content-length' => '',
)
[ info ] [ PARAM ] array (
)
[ info ] [ RUN ] app\yyshop\controller\Admin->head[ /var/www/html/tp5manager/application/yyshop/controller/Admin.php ]
[ info ] [ VIEW ] /var/www/html/tp5manager/public/../application/yyshop/view/admin/head.html [ array (
) ]
[ info ] [ LOG ] INIT File

---------------------------------------------------------------
[ 2017-12-08T11:11:12+08:00 ] 10.20.65.205 114.95.185.185 GET /tp5manager/public/index.php/yyshop/admin/left
[ log ] 116.236.115.125:9000/tp5manager/public/index.php/yyshop/admin/left [运行时间：0.014293s][吞吐率：69.96req/s] [内存消耗：1,633.48kb] [文件加载：36]
[ info ] [ LANG ] /var/www/html/tp5manager/thinkphp/lang/zh-cn.php
[ info ] [ ROUTE ] array (
  'type' => 'module',
  'module' => 
  array (
    0 => 'yyshop',
    1 => 'admin',
    2 => 'left',
  ),
)
[ info ] [ HEADER ] array (
  'host' => '116.236.115.125:9000',
  'user-agent' => 'Mozilla/5.0 (Windows NT 6.1; WOW64; rv:47.0) Gecko/20100101 Firefox/47.0',
  'accept' => 'text/html,application/xhtml+xml,application/xml;q=0.9,*/*;q=0.8',
  'accept-language' => 'zh-CN,zh;q=0.8,en-US;q=0.5,en;q=0.3',
  'accept-encoding' => 'gzip, deflate',
  'referer' => 'http://116.236.115.125:9000/tp5manager/public/index.php/yyshop/admin/index',
  'cookie' => 'cna=UVtjEqR9CGUCAXTiNjdVF/tu; isg=AsTEszP_QqXThvbpDrkgPpCOlkJ2dVky7o4VTt5l1w9SCWTTBu241_rpPboK; _umdata=ED82BDCEC1AA6EB9D0EF7E57DDD3BF8A4D8E7519C9CE00CC2BEA8195B9F1B5B7C559BFA724D7ACB1CD43AD3E795C914C559F65888E8CD38E856E78DAEF8F4C5B; PHPSESSID=5snummnjajbc2v3gcd5298dj27; mg_shopcode=9001',
  'connection' => 'keep-alive',
  'content-type' => '',
  'content-length' => '',
)
[ info ] [ PARAM ] array (
)
[ info ] [ RUN ] app\yyshop\controller\Admin->left[ /var/www/html/tp5manager/application/yyshop/controller/Admin.php ]
[ info ] [ VIEW ] /var/www/html/tp5manager/public/../application/yyshop/view/admin/left.html [ array (
) ]
[ info ] [ LOG ] INIT File

---------------------------------------------------------------
[ 2017-12-08T11:11:12+08:00 ] 10.20.65.205 114.95.185.185 GET /tp5manager/public/index.php/yyshop/admin/right
[ log ] 116.236.115.125:9000/tp5manager/public/index.php/yyshop/admin/right [运行时间：0.013499s][吞吐率：74.08req/s] [内存消耗：1,633.48kb] [文件加载：36]
[ info ] [ LANG ] /var/www/html/tp5manager/thinkphp/lang/zh-cn.php
[ info ] [ ROUTE ] array (
  'type' => 'module',
  'module' => 
  array (
    0 => 'yyshop',
    1 => 'admin',
    2 => 'right',
  ),
)
[ info ] [ HEADER ] array (
  'host' => '116.236.115.125:9000',
  'user-agent' => 'Mozilla/5.0 (Windows NT 6.1; WOW64; rv:47.0) Gecko/20100101 Firefox/47.0',
  'accept' => 'text/html,application/xhtml+xml,application/xml;q=0.9,*/*;q=0.8',
  'accept-language' => 'zh-CN,zh;q=0.8,en-US;q=0.5,en;q=0.3',
  'accept-encoding' => 'gzip, deflate',
  'referer' => 'http://116.236.115.125:9000/tp5manager/public/index.php/yyshop/admin/index',
  'cookie' => 'cna=UVtjEqR9CGUCAXTiNjdVF/tu; isg=AsTEszP_QqXThvbpDrkgPpCOlkJ2dVky7o4VTt5l1w9SCWTTBu241_rpPboK; _umdata=ED82BDCEC1AA6EB9D0EF7E57DDD3BF8A4D8E7519C9CE00CC2BEA8195B9F1B5B7C559BFA724D7ACB1CD43AD3E795C914C559F65888E8CD38E856E78DAEF8F4C5B; PHPSESSID=5snummnjajbc2v3gcd5298dj27; mg_shopcode=9001',
  'connection' => 'keep-alive',
  'content-type' => '',
  'content-length' => '',
)
[ info ] [ PARAM ] array (
)
[ info ] [ RUN ] app\yyshop\controller\Admin->right[ /var/www/html/tp5manager/application/yyshop/controller/Admin.php ]
[ info ] [ VIEW ] /var/www/html/tp5manager/public/../application/yyshop/view/admin/right.html [ array (
) ]
[ info ] [ LOG ] INIT File

---------------------------------------------------------------
[ 2017-12-08T11:11:13+08:00 ] 10.20.65.205 114.95.185.185 GET /tp5manager/public/index.php/yyshop/admin/admin.css
[ log ] 116.236.115.125:9000/tp5manager/public/index.php/yyshop/admin/admin.css [运行时间：0.015013s][吞吐率：66.61req/s] [内存消耗：1,698.63kb] [文件加载：38]
[ info ] [ LANG ] /var/www/html/tp5manager/thinkphp/lang/zh-cn.php
[ info ] [ ROUTE ] array (
  'type' => 'module',
  'module' => 
  array (
    0 => 'yyshop',
    1 => 'admin',
    2 => 'admin.css',
  ),
)
[ info ] [ HEADER ] array (
  'host' => '116.236.115.125:9000',
  'user-agent' => 'Mozilla/5.0 (Windows NT 6.1; WOW64; rv:47.0) Gecko/20100101 Firefox/47.0',
  'accept' => 'text/css,*/*;q=0.1',
  'accept-language' => 'zh-CN,zh;q=0.8,en-US;q=0.5,en;q=0.3',
  'accept-encoding' => 'gzip, deflate',
  'referer' => 'http://116.236.115.125:9000/tp5manager/public/index.php/yyshop/admin/left',
  'cookie' => 'cna=UVtjEqR9CGUCAXTiNjdVF/tu; isg=AsTEszP_QqXThvbpDrkgPpCOlkJ2dVky7o4VTt5l1w9SCWTTBu241_rpPboK; _umdata=ED82BDCEC1AA6EB9D0EF7E57DDD3BF8A4D8E7519C9CE00CC2BEA8195B9F1B5B7C559BFA724D7ACB1CD43AD3E795C914C559F65888E8CD38E856E78DAEF8F4C5B; PHPSESSID=5snummnjajbc2v3gcd5298dj27; mg_shopcode=9001',
  'connection' => 'keep-alive',
  'content-type' => '',
  'content-length' => '',
)
[ info ] [ PARAM ] array (
)
[ info ] [ LOG ] INIT File

---------------------------------------------------------------
[ 2017-12-08T11:11:13+08:00 ] 10.20.65.205 114.95.185.185 GET /tp5manager/public/index.php/yyshop/admin/admin_p.gif
[ log ] 116.236.115.125:9000/tp5manager/public/index.php/yyshop/admin/admin_p.gif [运行时间：0.015022s][吞吐率：66.57req/s] [内存消耗：1,698.63kb] [文件加载：38]
[ info ] [ LANG ] /var/www/html/tp5manager/thinkphp/lang/zh-cn.php
[ info ] [ ROUTE ] array (
  'type' => 'module',
  'module' => 
  array (
    0 => 'yyshop',
    1 => 'admin',
    2 => 'admin_p.gif',
  ),
)
[ info ] [ HEADER ] array (
  'host' => '116.236.115.125:9000',
  'user-agent' => 'Mozilla/5.0 (Windows NT 6.1; WOW64; rv:47.0) Gecko/20100101 Firefox/47.0',
  'accept' => '*/*',
  'accept-language' => 'zh-CN,zh;q=0.8,en-US;q=0.5,en;q=0.3',
  'accept-encoding' => 'gzip, deflate',
  'referer' => 'http://116.236.115.125:9000/tp5manager/public/index.php/yyshop/admin/right',
  'cookie' => 'cna=UVtjEqR9CGUCAXTiNjdVF/tu; isg=AsTEszP_QqXThvbpDrkgPpCOlkJ2dVky7o4VTt5l1w9SCWTTBu241_rpPboK; _umdata=ED82BDCEC1AA6EB9D0EF7E57DDD3BF8A4D8E7519C9CE00CC2BEA8195B9F1B5B7C559BFA724D7ACB1CD43AD3E795C914C559F65888E8CD38E856E78DAEF8F4C5B; PHPSESSID=5snummnjajbc2v3gcd5298dj27; mg_shopcode=9001',
  'connection' => 'keep-alive',
  'content-type' => '',
  'content-length' => '',
)
[ info ] [ PARAM ] array (
)
[ info ] [ LOG ] INIT File

---------------------------------------------------------------
[ 2017-12-08T11:11:13+08:00 ] 10.20.65.205 114.95.185.185 GET /tp5manager/public/index.php/yyshop/admin/shadow_bg.jpg
[ log ] 116.236.115.125:9000/tp5manager/public/index.php/yyshop/admin/shadow_bg.jpg [运行时间：0.015332s][吞吐率：65.22req/s] [内存消耗：1,698.85kb] [文件加载：38]
[ info ] [ LANG ] /var/www/html/tp5manager/thinkphp/lang/zh-cn.php
[ info ] [ ROUTE ] array (
  'type' => 'module',
  'module' => 
  array (
    0 => 'yyshop',
    1 => 'admin',
    2 => 'shadow_bg.jpg',
  ),
)
[ info ] [ HEADER ] array (
  'host' => '116.236.115.125:9000',
  'user-agent' => 'Mozilla/5.0 (Windows NT 6.1; WOW64; rv:47.0) Gecko/20100101 Firefox/47.0',
  'accept' => '*/*',
  'accept-language' => 'zh-CN,zh;q=0.8,en-US;q=0.5,en;q=0.3',
  'accept-encoding' => 'gzip, deflate',
  'referer' => 'http://116.236.115.125:9000/tp5manager/public/index.php/yyshop/admin/right',
  'cookie' => 'cna=UVtjEqR9CGUCAXTiNjdVF/tu; isg=AsTEszP_QqXThvbpDrkgPpCOlkJ2dVky7o4VTt5l1w9SCWTTBu241_rpPboK; _umdata=ED82BDCEC1AA6EB9D0EF7E57DDD3BF8A4D8E7519C9CE00CC2BEA8195B9F1B5B7C559BFA724D7ACB1CD43AD3E795C914C559F65888E8CD38E856E78DAEF8F4C5B; PHPSESSID=5snummnjajbc2v3gcd5298dj27; mg_shopcode=9001',
  'connection' => 'keep-alive',
  'content-type' => '',
  'content-length' => '',
)
[ info ] [ PARAM ] array (
)
[ info ] [ LOG ] INIT File

---------------------------------------------------------------
[ 2017-12-08T11:11:13+08:00 ] 10.20.65.205 114.95.185.185 GET /tp5manager/public/index.php/yyshop/admin/title_bg1.jpg
[ log ] 116.236.115.125:9000/tp5manager/public/index.php/yyshop/admin/title_bg1.jpg [运行时间：0.017461s][吞吐率：57.27req/s] [内存消耗：1,698.85kb] [文件加载：38]
[ info ] [ LANG ] /var/www/html/tp5manager/thinkphp/lang/zh-cn.php
[ info ] [ ROUTE ] array (
  'type' => 'module',
  'module' => 
  array (
    0 => 'yyshop',
    1 => 'admin',
    2 => 'title_bg1.jpg',
  ),
)
[ info ] [ HEADER ] array (
  'host' => '116.236.115.125:9000',
  'user-agent' => 'Mozilla/5.0 (Windows NT 6.1; WOW64; rv:47.0) Gecko/20100101 Firefox/47.0',
  'accept' => '*/*',
  'accept-language' => 'zh-CN,zh;q=0.8,en-US;q=0.5,en;q=0.3',
  'accept-encoding' => 'gzip, deflate',
  'referer' => 'http://116.236.115.125:9000/tp5manager/public/index.php/yyshop/admin/right',
  'cookie' => 'cna=UVtjEqR9CGUCAXTiNjdVF/tu; isg=AsTEszP_QqXThvbpDrkgPpCOlkJ2dVky7o4VTt5l1w9SCWTTBu241_rpPboK; _umdata=ED82BDCEC1AA6EB9D0EF7E57DDD3BF8A4D8E7519C9CE00CC2BEA8195B9F1B5B7C559BFA724D7ACB1CD43AD3E795C914C559F65888E8CD38E856E78DAEF8F4C5B; PHPSESSID=5snummnjajbc2v3gcd5298dj27; mg_shopcode=9001',
  'connection' => 'keep-alive',
  'content-type' => '',
  'content-length' => '',
)
[ info ] [ PARAM ] array (
)
[ info ] [ LOG ] INIT File

---------------------------------------------------------------
[ 2017-12-08T11:11:13+08:00 ] 10.20.65.205 114.95.185.185 GET /tp5manager/public/index.php/yyshop/admin/title_bg2.jpg
[ log ] 116.236.115.125:9000/tp5manager/public/index.php/yyshop/admin/title_bg2.jpg [运行时间：0.017947s][吞吐率：55.72req/s] [内存消耗：1,698.85kb] [文件加载：38]
[ info ] [ LANG ] /var/www/html/tp5manager/thinkphp/lang/zh-cn.php
[ info ] [ ROUTE ] array (
  'type' => 'module',
  'module' => 
  array (
    0 => 'yyshop',
    1 => 'admin',
    2 => 'title_bg2.jpg',
  ),
)
[ info ] [ HEADER ] array (
  'host' => '116.236.115.125:9000',
  'user-agent' => 'Mozilla/5.0 (Windows NT 6.1; WOW64; rv:47.0) Gecko/20100101 Firefox/47.0',
  'accept' => '*/*',
  'accept-language' => 'zh-CN,zh;q=0.8,en-US;q=0.5,en;q=0.3',
  'accept-encoding' => 'gzip, deflate',
  'referer' => 'http://116.236.115.125:9000/tp5manager/public/index.php/yyshop/admin/right',
  'cookie' => 'cna=UVtjEqR9CGUCAXTiNjdVF/tu; isg=AsTEszP_QqXThvbpDrkgPpCOlkJ2dVky7o4VTt5l1w9SCWTTBu241_rpPboK; _umdata=ED82BDCEC1AA6EB9D0EF7E57DDD3BF8A4D8E7519C9CE00CC2BEA8195B9F1B5B7C559BFA724D7ACB1CD43AD3E795C914C559F65888E8CD38E856E78DAEF8F4C5B; PHPSESSID=5snummnjajbc2v3gcd5298dj27; mg_shopcode=9001',
  'connection' => 'keep-alive',
  'content-type' => '',
  'content-length' => '',
)
[ info ] [ PARAM ] array (
)
[ info ] [ LOG ] INIT File

---------------------------------------------------------------
[ 2017-12-08T11:12:15+08:00 ] 10.20.65.205 114.95.185.185 GET /tp5manager/public/index.php/yyshop/admin/charts.html
[ log ] 116.236.115.125:9000/tp5manager/public/index.php/yyshop/admin/charts.html [运行时间：0.015522s][吞吐率：64.42req/s] [内存消耗：1,698.77kb] [文件加载：38]
[ info ] [ LANG ] /var/www/html/tp5manager/thinkphp/lang/zh-cn.php
[ info ] [ ROUTE ] array (
  'type' => 'module',
  'module' => 
  array (
    0 => 'yyshop',
    1 => 'admin',
    2 => 'charts',
  ),
)
[ info ] [ HEADER ] array (
  'host' => '116.236.115.125:9000',
  'user-agent' => 'Mozilla/5.0 (Windows NT 6.1; WOW64; rv:47.0) Gecko/20100101 Firefox/47.0',
  'accept' => 'text/html,application/xhtml+xml,application/xml;q=0.9,*/*;q=0.8',
  'accept-language' => 'zh-CN,zh;q=0.8,en-US;q=0.5,en;q=0.3',
  'accept-encoding' => 'gzip, deflate',
  'referer' => 'http://116.236.115.125:9000/tp5manager/public/index.php/yyshop/admin/left',
  'cookie' => 'cna=UVtjEqR9CGUCAXTiNjdVF/tu; isg=AsTEszP_QqXThvbpDrkgPpCOlkJ2dVky7o4VTt5l1w9SCWTTBu241_rpPboK; _umdata=ED82BDCEC1AA6EB9D0EF7E57DDD3BF8A4D8E7519C9CE00CC2BEA8195B9F1B5B7C559BFA724D7ACB1CD43AD3E795C914C559F65888E8CD38E856E78DAEF8F4C5B; PHPSESSID=5snummnjajbc2v3gcd5298dj27; mg_shopcode=9001',
  'connection' => 'keep-alive',
  'content-type' => '',
  'content-length' => '',
)
[ info ] [ PARAM ] array (
)
[ info ] [ LOG ] INIT File

---------------------------------------------------------------
[ 2017-12-08T11:12:20+08:00 ] 10.20.65.205 114.95.185.185 GET /tp5manager/public/index.php/yyshop/user/manager
[ log ] 116.236.115.125:9000/tp5manager/public/index.php/yyshop/user/manager [运行时间：0.014195s][吞吐率：70.45req/s] [内存消耗：1,632.90kb] [文件加载：36]
[ info ] [ LANG ] /var/www/html/tp5manager/thinkphp/lang/zh-cn.php
[ info ] [ ROUTE ] array (
  'type' => 'module',
  'module' => 
  array (
    0 => 'yyshop',
    1 => 'user',
    2 => 'manager',
  ),
)
[ info ] [ HEADER ] array (
  'host' => '116.236.115.125:9000',
  'user-agent' => 'Mozilla/5.0 (Windows NT 6.1; WOW64; rv:47.0) Gecko/20100101 Firefox/47.0',
  'accept' => 'text/html,application/xhtml+xml,application/xml;q=0.9,*/*;q=0.8',
  'accept-language' => 'zh-CN,zh;q=0.8,en-US;q=0.5,en;q=0.3',
  'accept-encoding' => 'gzip, deflate',
  'referer' => 'http://116.236.115.125:9000/tp5manager/public/index.php/yyshop/admin/left',
  'cookie' => 'cna=UVtjEqR9CGUCAXTiNjdVF/tu; isg=AsTEszP_QqXThvbpDrkgPpCOlkJ2dVky7o4VTt5l1w9SCWTTBu241_rpPboK; _umdata=ED82BDCEC1AA6EB9D0EF7E57DDD3BF8A4D8E7519C9CE00CC2BEA8195B9F1B5B7C559BFA724D7ACB1CD43AD3E795C914C559F65888E8CD38E856E78DAEF8F4C5B; PHPSESSID=5snummnjajbc2v3gcd5298dj27; mg_shopcode=9001',
  'connection' => 'keep-alive',
  'content-type' => '',
  'content-length' => '',
)
[ info ] [ PARAM ] array (
)
[ info ] [ RUN ] app\yyshop\controller\User->manager[ /var/www/html/tp5manager/application/yyshop/controller/User.php ]
[ info ] [ VIEW ] /var/www/html/tp5manager/public/../application/yyshop/view/user/manager.html [ array (
) ]
[ info ] [ LOG ] INIT File

---------------------------------------------------------------
[ 2017-12-08T11:12:22+08:00 ] 10.20.65.205 114.95.185.185 GET /tp5manager/public/index.php/yyshop/user/menu
[ log ] 116.236.115.125:9000/tp5manager/public/index.php/yyshop/user/menu [运行时间：0.014008s][吞吐率：71.39req/s] [内存消耗：1,632.70kb] [文件加载：36]
[ info ] [ LANG ] /var/www/html/tp5manager/thinkphp/lang/zh-cn.php
[ info ] [ ROUTE ] array (
  'type' => 'module',
  'module' => 
  array (
    0 => 'yyshop',
    1 => 'user',
    2 => 'menu',
  ),
)
[ info ] [ HEADER ] array (
  'host' => '116.236.115.125:9000',
  'user-agent' => 'Mozilla/5.0 (Windows NT 6.1; WOW64; rv:47.0) Gecko/20100101 Firefox/47.0',
  'accept' => 'text/html,application/xhtml+xml,application/xml;q=0.9,*/*;q=0.8',
  'accept-language' => 'zh-CN,zh;q=0.8,en-US;q=0.5,en;q=0.3',
  'accept-encoding' => 'gzip, deflate',
  'referer' => 'http://116.236.115.125:9000/tp5manager/public/index.php/yyshop/admin/left',
  'cookie' => 'cna=UVtjEqR9CGUCAXTiNjdVF/tu; isg=AsTEszP_QqXThvbpDrkgPpCOlkJ2dVky7o4VTt5l1w9SCWTTBu241_rpPboK; _umdata=ED82BDCEC1AA6EB9D0EF7E57DDD3BF8A4D8E7519C9CE00CC2BEA8195B9F1B5B7C559BFA724D7ACB1CD43AD3E795C914C559F65888E8CD38E856E78DAEF8F4C5B; PHPSESSID=5snummnjajbc2v3gcd5298dj27; mg_shopcode=9001',
  'connection' => 'keep-alive',
  'content-type' => '',
  'content-length' => '',
)
[ info ] [ PARAM ] array (
)
[ info ] [ RUN ] app\yyshop\controller\User->menu[ /var/www/html/tp5manager/application/yyshop/controller/User.php ]
[ info ] [ VIEW ] /var/www/html/tp5manager/public/../application/yyshop/view/user/menu.html [ array (
) ]
[ info ] [ LOG ] INIT File

---------------------------------------------------------------
