[ 2018-09-04T09:53:52+08:00 ] 10.20.65.202 116.226.52.10 GET /tp5manager/public/index.php/yyshop/admin/index
[ log ] 116.236.115.123:8080/tp5manager/public/index.php/yyshop/admin/index [运行时间：0.013342s][吞吐率：74.95req/s] [内存消耗：1,255.19kb] [文件加载：38]
[ info ] [ LANG ] /var/www/html/tp5manager/thinkphp/lang/zh-cn.php
[ info ] [ ROUTE ] array (
  'type' => 'module',
  'module' => 
  array (
    0 => 'yyshop',
    1 => 'admin',
    2 => 'index',
  ),
)
[ info ] [ HEADER ] array (
  'accept-language' => 'zh-CN,zh;q=0.8',
  'accept-encoding' => 'gzip, deflate, sdch',
  'accept' => 'text/html,application/xhtml+xml,application/xml;q=0.9,image/webp,*/*;q=0.8',
  'user-agent' => 'Mozilla/5.0 (Windows NT 6.1; Win64; x64) AppleWebKit/537.36 (KHTML, like Gecko) Chrome/57.0.2987.98 Safari/537.36',
  'upgrade-insecure-requests' => '1',
  'cache-control' => 'max-age=0',
  'connection' => 'keep-alive',
  'host' => '116.236.115.123:8080',
  'content-type' => '',
  'content-length' => '',
)
[ info ] [ PARAM ] array (
)
[ info ] [ RUN ] app\yyshop\controller\Admin->index[ /var/www/html/tp5manager/application/yyshop/controller/Admin.php ]
[ info ] [ VIEW ] /var/www/html/tp5manager/public/../application/yyshop/view/admin/index.html [ array (
) ]
[ info ] [ LOG ] INIT File

---------------------------------------------------------------
[ 2018-09-04T09:53:52+08:00 ] 10.20.65.202 116.226.52.10 GET /tp5manager/public/index.php/yyshop/admin/head
[ log ] 116.236.115.123:8080/tp5manager/public/index.php/yyshop/admin/head [运行时间：0.013763s][吞吐率：72.66req/s] [内存消耗：1,251.74kb] [文件加载：38]
[ info ] [ LANG ] /var/www/html/tp5manager/thinkphp/lang/zh-cn.php
[ info ] [ ROUTE ] array (
  'type' => 'module',
  'module' => 
  array (
    0 => 'yyshop',
    1 => 'admin',
    2 => 'head',
  ),
)
[ info ] [ HEADER ] array (
  'accept-language' => 'zh-CN,zh;q=0.8',
  'accept-encoding' => 'gzip, deflate, sdch',
  'referer' => 'http://116.236.115.123:8080/tp5manager/public/index.php/yyshop/admin/index',
  'accept' => 'text/html,application/xhtml+xml,application/xml;q=0.9,image/webp,*/*;q=0.8',
  'user-agent' => 'Mozilla/5.0 (Windows NT 6.1; Win64; x64) AppleWebKit/537.36 (KHTML, like Gecko) Chrome/57.0.2987.98 Safari/537.36',
  'upgrade-insecure-requests' => '1',
  'connection' => 'keep-alive',
  'host' => '116.236.115.123:8080',
  'content-type' => '',
  'content-length' => '',
)
[ info ] [ PARAM ] array (
)
[ info ] [ RUN ] app\yyshop\controller\Admin->head[ /var/www/html/tp5manager/application/yyshop/controller/Admin.php ]
[ info ] [ VIEW ] /var/www/html/tp5manager/public/../application/yyshop/view/admin/head.html [ array (
) ]
[ info ] [ LOG ] INIT File

---------------------------------------------------------------
[ 2018-09-04T09:53:52+08:00 ] 10.20.65.202 116.226.52.10 GET /tp5manager/public/index.php/yyshop/admin/left
[ log ] 116.236.115.123:8080/tp5manager/public/index.php/yyshop/admin/left [运行时间：0.012613s][吞吐率：79.28req/s] [内存消耗：1,263.03kb] [文件加载：38]
[ info ] [ LANG ] /var/www/html/tp5manager/thinkphp/lang/zh-cn.php
[ info ] [ ROUTE ] array (
  'type' => 'module',
  'module' => 
  array (
    0 => 'yyshop',
    1 => 'admin',
    2 => 'left',
  ),
)
[ info ] [ HEADER ] array (
  'accept-language' => 'zh-CN,zh;q=0.8',
  'accept-encoding' => 'gzip, deflate, sdch',
  'referer' => 'http://116.236.115.123:8080/tp5manager/public/index.php/yyshop/admin/index',
  'accept' => 'text/html,application/xhtml+xml,application/xml;q=0.9,image/webp,*/*;q=0.8',
  'user-agent' => 'Mozilla/5.0 (Windows NT 6.1; Win64; x64) AppleWebKit/537.36 (KHTML, like Gecko) Chrome/57.0.2987.98 Safari/537.36',
  'upgrade-insecure-requests' => '1',
  'connection' => 'keep-alive',
  'host' => '116.236.115.123:8080',
  'content-type' => '',
  'content-length' => '',
)
[ info ] [ PARAM ] array (
)
[ info ] [ RUN ] app\yyshop\controller\Admin->left[ /var/www/html/tp5manager/application/yyshop/controller/Admin.php ]
[ info ] [ VIEW ] /var/www/html/tp5manager/public/../application/yyshop/view/admin/left.html [ array (
) ]
[ info ] [ LOG ] INIT File

---------------------------------------------------------------
[ 2018-09-04T09:53:52+08:00 ] 10.20.65.202 116.226.52.10 GET /tp5manager/public/index.php/yyshop/admin/right
[ log ] 116.236.115.123:8080/tp5manager/public/index.php/yyshop/admin/right [运行时间：0.012925s][吞吐率：77.37req/s] [内存消耗：1,262.39kb] [文件加载：38]
[ info ] [ LANG ] /var/www/html/tp5manager/thinkphp/lang/zh-cn.php
[ info ] [ ROUTE ] array (
  'type' => 'module',
  'module' => 
  array (
    0 => 'yyshop',
    1 => 'admin',
    2 => 'right',
  ),
)
[ info ] [ HEADER ] array (
  'accept-language' => 'zh-CN,zh;q=0.8',
  'accept-encoding' => 'gzip, deflate, sdch',
  'referer' => 'http://116.236.115.123:8080/tp5manager/public/index.php/yyshop/admin/index',
  'accept' => 'text/html,application/xhtml+xml,application/xml;q=0.9,image/webp,*/*;q=0.8',
  'user-agent' => 'Mozilla/5.0 (Windows NT 6.1; Win64; x64) AppleWebKit/537.36 (KHTML, like Gecko) Chrome/57.0.2987.98 Safari/537.36',
  'upgrade-insecure-requests' => '1',
  'connection' => 'keep-alive',
  'host' => '116.236.115.123:8080',
  'content-type' => '',
  'content-length' => '',
)
[ info ] [ PARAM ] array (
)
[ info ] [ RUN ] app\yyshop\controller\Admin->right[ /var/www/html/tp5manager/application/yyshop/controller/Admin.php ]
[ info ] [ VIEW ] /var/www/html/tp5manager/public/../application/yyshop/view/admin/right.html [ array (
) ]
[ info ] [ LOG ] INIT File

---------------------------------------------------------------
[ 2018-09-04T09:53:52+08:00 ] 10.20.65.202 116.226.52.10 GET /tp5manager/public/index.php/yyshop/admin/admin.css
[ log ] 116.236.115.123:8080/tp5manager/public/index.php/yyshop/admin/admin.css [运行时间：0.011859s][吞吐率：84.32req/s] [内存消耗：1,176.02kb] [文件加载：38]
[ info ] [ LANG ] /var/www/html/tp5manager/thinkphp/lang/zh-cn.php
[ info ] [ ROUTE ] array (
  'type' => 'module',
  'module' => 
  array (
    0 => 'yyshop',
    1 => 'admin',
    2 => 'admin.css',
  ),
)
[ info ] [ HEADER ] array (
  'accept-language' => 'zh-CN,zh;q=0.8',
  'accept-encoding' => 'gzip, deflate, sdch',
  'referer' => 'http://116.236.115.123:8080/tp5manager/public/index.php/yyshop/admin/left',
  'accept' => 'text/css,*/*;q=0.1',
  'user-agent' => 'Mozilla/5.0 (Windows NT 6.1; Win64; x64) AppleWebKit/537.36 (KHTML, like Gecko) Chrome/57.0.2987.98 Safari/537.36',
  'connection' => 'keep-alive',
  'host' => '116.236.115.123:8080',
  'content-type' => '',
  'content-length' => '',
)
[ info ] [ PARAM ] array (
)
[ info ] [ LOG ] INIT File

---------------------------------------------------------------
[ 2018-09-04T09:53:52+08:00 ] 10.20.65.202 116.226.52.10 GET /tp5manager/public/index.php/yyshop/admin/admin_p.gif
[ log ] 116.236.115.123:8080/tp5manager/public/index.php/yyshop/admin/admin_p.gif [运行时间：0.012089s][吞吐率：82.72req/s] [内存消耗：1,176.07kb] [文件加载：38]
[ info ] [ LANG ] /var/www/html/tp5manager/thinkphp/lang/zh-cn.php
[ info ] [ ROUTE ] array (
  'type' => 'module',
  'module' => 
  array (
    0 => 'yyshop',
    1 => 'admin',
    2 => 'admin_p.gif',
  ),
)
[ info ] [ HEADER ] array (
  'accept-language' => 'zh-CN,zh;q=0.8',
  'accept-encoding' => 'gzip, deflate, sdch',
  'referer' => 'http://116.236.115.123:8080/tp5manager/public/index.php/yyshop/admin/right',
  'accept' => 'image/webp,image/*,*/*;q=0.8',
  'user-agent' => 'Mozilla/5.0 (Windows NT 6.1; Win64; x64) AppleWebKit/537.36 (KHTML, like Gecko) Chrome/57.0.2987.98 Safari/537.36',
  'connection' => 'keep-alive',
  'host' => '116.236.115.123:8080',
  'content-type' => '',
  'content-length' => '',
)
[ info ] [ PARAM ] array (
)
[ info ] [ LOG ] INIT File

---------------------------------------------------------------
[ 2018-09-04T09:53:52+08:00 ] 10.20.65.202 116.226.52.10 GET /tp5manager/public/index.php/yyshop/admin/title_bg1.jpg
[ log ] 116.236.115.123:8080/tp5manager/public/index.php/yyshop/admin/title_bg1.jpg [运行时间：0.012277s][吞吐率：81.45req/s] [内存消耗：1,176.07kb] [文件加载：38]
[ info ] [ LANG ] /var/www/html/tp5manager/thinkphp/lang/zh-cn.php
[ info ] [ ROUTE ] array (
  'type' => 'module',
  'module' => 
  array (
    0 => 'yyshop',
    1 => 'admin',
    2 => 'title_bg1.jpg',
  ),
)
[ info ] [ HEADER ] array (
  'accept-language' => 'zh-CN,zh;q=0.8',
  'accept-encoding' => 'gzip, deflate, sdch',
  'referer' => 'http://116.236.115.123:8080/tp5manager/public/index.php/yyshop/admin/right',
  'accept' => 'image/webp,image/*,*/*;q=0.8',
  'user-agent' => 'Mozilla/5.0 (Windows NT 6.1; Win64; x64) AppleWebKit/537.36 (KHTML, like Gecko) Chrome/57.0.2987.98 Safari/537.36',
  'connection' => 'keep-alive',
  'host' => '116.236.115.123:8080',
  'content-type' => '',
  'content-length' => '',
)
[ info ] [ PARAM ] array (
)
[ info ] [ LOG ] INIT File

---------------------------------------------------------------
[ 2018-09-04T09:53:52+08:00 ] 10.20.65.202 116.226.52.10 GET /tp5manager/public/index.php/yyshop/admin/title_bg2.jpg
[ log ] 116.236.115.123:8080/tp5manager/public/index.php/yyshop/admin/title_bg2.jpg [运行时间：0.011844s][吞吐率：84.43req/s] [内存消耗：1,176.07kb] [文件加载：38]
[ info ] [ LANG ] /var/www/html/tp5manager/thinkphp/lang/zh-cn.php
[ info ] [ ROUTE ] array (
  'type' => 'module',
  'module' => 
  array (
    0 => 'yyshop',
    1 => 'admin',
    2 => 'title_bg2.jpg',
  ),
)
[ info ] [ HEADER ] array (
  'accept-language' => 'zh-CN,zh;q=0.8',
  'accept-encoding' => 'gzip, deflate, sdch',
  'referer' => 'http://116.236.115.123:8080/tp5manager/public/index.php/yyshop/admin/right',
  'accept' => 'image/webp,image/*,*/*;q=0.8',
  'user-agent' => 'Mozilla/5.0 (Windows NT 6.1; Win64; x64) AppleWebKit/537.36 (KHTML, like Gecko) Chrome/57.0.2987.98 Safari/537.36',
  'connection' => 'keep-alive',
  'host' => '116.236.115.123:8080',
  'content-type' => '',
  'content-length' => '',
)
[ info ] [ PARAM ] array (
)
[ info ] [ LOG ] INIT File

---------------------------------------------------------------
[ 2018-09-04T09:53:52+08:00 ] 10.20.65.202 116.226.52.10 GET /tp5manager/public/index.php/yyshop/admin/shadow_bg.jpg
[ log ] 116.236.115.123:8080/tp5manager/public/index.php/yyshop/admin/shadow_bg.jpg [运行时间：0.012008s][吞吐率：83.28req/s] [内存消耗：1,176.07kb] [文件加载：38]
[ info ] [ LANG ] /var/www/html/tp5manager/thinkphp/lang/zh-cn.php
[ info ] [ ROUTE ] array (
  'type' => 'module',
  'module' => 
  array (
    0 => 'yyshop',
    1 => 'admin',
    2 => 'shadow_bg.jpg',
  ),
)
[ info ] [ HEADER ] array (
  'accept-language' => 'zh-CN,zh;q=0.8',
  'accept-encoding' => 'gzip, deflate, sdch',
  'referer' => 'http://116.236.115.123:8080/tp5manager/public/index.php/yyshop/admin/right',
  'accept' => 'image/webp,image/*,*/*;q=0.8',
  'user-agent' => 'Mozilla/5.0 (Windows NT 6.1; Win64; x64) AppleWebKit/537.36 (KHTML, like Gecko) Chrome/57.0.2987.98 Safari/537.36',
  'connection' => 'keep-alive',
  'host' => '116.236.115.123:8080',
  'content-type' => '',
  'content-length' => '',
)
[ info ] [ PARAM ] array (
)
[ info ] [ LOG ] INIT File

---------------------------------------------------------------
[ 2018-09-04T09:54:05+08:00 ] 10.20.65.202 116.226.52.10 GET /tp5manager/public/index.php/yyshop/admin/grid.html
[ log ] 116.236.115.123:8080/tp5manager/public/index.php/yyshop/admin/grid.html [运行时间：0.011668s][吞吐率：85.70req/s] [内存消耗：1,176.41kb] [文件加载：38]
[ info ] [ LANG ] /var/www/html/tp5manager/thinkphp/lang/zh-cn.php
[ info ] [ ROUTE ] array (
  'type' => 'module',
  'module' => 
  array (
    0 => 'yyshop',
    1 => 'admin',
    2 => 'grid',
  ),
)
[ info ] [ HEADER ] array (
  'accept-language' => 'zh-CN,zh;q=0.8',
  'accept-encoding' => 'gzip, deflate, sdch',
  'referer' => 'http://116.236.115.123:8080/tp5manager/public/index.php/yyshop/admin/left',
  'accept' => 'text/html,application/xhtml+xml,application/xml;q=0.9,image/webp,*/*;q=0.8',
  'user-agent' => 'Mozilla/5.0 (Windows NT 6.1; Win64; x64) AppleWebKit/537.36 (KHTML, like Gecko) Chrome/57.0.2987.98 Safari/537.36',
  'upgrade-insecure-requests' => '1',
  'connection' => 'keep-alive',
  'host' => '116.236.115.123:8080',
  'content-type' => '',
  'content-length' => '',
)
[ info ] [ PARAM ] array (
)
[ info ] [ LOG ] INIT File

---------------------------------------------------------------
[ 2018-09-04T09:55:06+08:00 ] 10.20.65.202 116.226.52.10 GET /tp5manager/public/index.php/demo/
[ log ] 116.236.115.123:8080/tp5manager/public/index.php/demo/ [运行时间：0.010044s][吞吐率：99.56req/s] [内存消耗：938.09kb] [文件加载：29]
[ info ] [ LANG ] /var/www/html/tp5manager/thinkphp/lang/zh-cn.php
[ info ] [ ROUTE ] array (
  'type' => 'module',
  'module' => 
  array (
    0 => 'demo',
    1 => 'index.php',
    2 => NULL,
  ),
)
[ info ] [ HEADER ] array (
  'accept-language' => 'zh-CN,zh;q=0.8',
  'accept-encoding' => 'gzip, deflate, sdch',
  'accept' => 'text/html,application/xhtml+xml,application/xml;q=0.9,image/webp,*/*;q=0.8',
  'user-agent' => 'Mozilla/5.0 (Windows NT 6.1; Win64; x64) AppleWebKit/537.36 (KHTML, like Gecko) Chrome/57.0.2987.98 Safari/537.36',
  'upgrade-insecure-requests' => '1',
  'connection' => 'keep-alive',
  'host' => '116.236.115.123:8080',
  'content-type' => '',
  'content-length' => '',
)
[ info ] [ PARAM ] array (
)
[ info ] [ LOG ] INIT File

---------------------------------------------------------------
[ 2018-09-04T09:55:45+08:00 ] 10.20.65.202 116.226.52.10 GET /tp5manager/public/index.php/demo/test
[ log ] 116.236.115.123:8080/tp5manager/public/index.php/demo/test [运行时间：0.013138s][吞吐率：76.11req/s] [内存消耗：1,255.95kb] [文件加载：38]
[ info ] [ LANG ] /var/www/html/tp5manager/thinkphp/lang/zh-cn.php
[ info ] [ ROUTE ] array (
  'type' => 'module',
  'module' => 
  array (
    0 => 'demo',
    1 => 'test',
    2 => NULL,
  ),
)
[ info ] [ HEADER ] array (
  'accept-language' => 'zh-CN,zh;q=0.8',
  'accept-encoding' => 'gzip, deflate, sdch',
  'accept' => 'text/html,application/xhtml+xml,application/xml;q=0.9,image/webp,*/*;q=0.8',
  'user-agent' => 'Mozilla/5.0 (Windows NT 6.1; Win64; x64) AppleWebKit/537.36 (KHTML, like Gecko) Chrome/57.0.2987.98 Safari/537.36',
  'upgrade-insecure-requests' => '1',
  'connection' => 'keep-alive',
  'host' => '116.236.115.123:8080',
  'content-type' => '',
  'content-length' => '',
)
[ info ] [ PARAM ] array (
)
[ info ] [ RUN ] app\demo\controller\Test->index[ /var/www/html/tp5manager/application/demo/controller/Test.php ]
[ info ] [ VIEW ] /var/www/html/tp5manager/public/../application/demo/view/test/index.html [ array (
) ]
[ info ] [ LOG ] INIT File

---------------------------------------------------------------
[ 2018-09-04T09:59:50+08:00 ] 10.20.65.202 116.226.52.10 GET /tp5manager/public/index.php/yyshop/admin/admin_p.gif
[ log ] 116.236.115.123:8080/tp5manager/public/index.php/yyshop/admin/admin_p.gif [运行时间：0.012598s][吞吐率：79.38req/s] [内存消耗：1,176.07kb] [文件加载：38]
[ info ] [ LANG ] /var/www/html/tp5manager/thinkphp/lang/zh-cn.php
[ info ] [ ROUTE ] array (
  'type' => 'module',
  'module' => 
  array (
    0 => 'yyshop',
    1 => 'admin',
    2 => 'admin_p.gif',
  ),
)
[ info ] [ HEADER ] array (
  'accept-language' => 'zh-CN,zh;q=0.8',
  'accept-encoding' => 'gzip, deflate, sdch',
  'referer' => 'http://116.236.115.123:8080/tp5manager/public/index.php/yyshop/admin/right',
  'accept' => 'image/webp,image/*,*/*;q=0.8',
  'user-agent' => 'Mozilla/5.0 (Windows NT 6.1; Win64; x64) AppleWebKit/537.36 (KHTML, like Gecko) Chrome/57.0.2987.98 Safari/537.36',
  'connection' => 'keep-alive',
  'host' => '116.236.115.123:8080',
  'content-type' => '',
  'content-length' => '',
)
[ info ] [ PARAM ] array (
)
[ info ] [ LOG ] INIT File

---------------------------------------------------------------
[ 2018-09-04T10:00:03+08:00 ] 10.20.65.202 116.226.52.10 GET /tp5manager/public/index.php/yyshop/admin/charts.html
[ log ] 116.236.115.123:8080/tp5manager/public/index.php/yyshop/admin/charts.html [运行时间：0.011971s][吞吐率：83.54req/s] [内存消耗：1,176.45kb] [文件加载：38]
[ info ] [ LANG ] /var/www/html/tp5manager/thinkphp/lang/zh-cn.php
[ info ] [ ROUTE ] array (
  'type' => 'module',
  'module' => 
  array (
    0 => 'yyshop',
    1 => 'admin',
    2 => 'charts',
  ),
)
[ info ] [ HEADER ] array (
  'accept-language' => 'zh-CN,zh;q=0.8',
  'accept-encoding' => 'gzip, deflate, sdch',
  'referer' => 'http://116.236.115.123:8080/tp5manager/public/index.php/yyshop/admin/left',
  'accept' => 'text/html,application/xhtml+xml,application/xml;q=0.9,image/webp,*/*;q=0.8',
  'user-agent' => 'Mozilla/5.0 (Windows NT 6.1; Win64; x64) AppleWebKit/537.36 (KHTML, like Gecko) Chrome/57.0.2987.98 Safari/537.36',
  'upgrade-insecure-requests' => '1',
  'connection' => 'keep-alive',
  'host' => '116.236.115.123:8080',
  'content-type' => '',
  'content-length' => '',
)
[ info ] [ PARAM ] array (
)
[ info ] [ LOG ] INIT File

---------------------------------------------------------------
[ 2018-09-04T10:00:06+08:00 ] 10.20.65.202 116.226.52.10 GET /tp5manager/public/index.php/yyshop/admin/grid.html
[ log ] 116.236.115.123:8080/tp5manager/public/index.php/yyshop/admin/grid.html [运行时间：0.012009s][吞吐率：83.27req/s] [内存消耗：1,176.41kb] [文件加载：38]
[ info ] [ LANG ] /var/www/html/tp5manager/thinkphp/lang/zh-cn.php
[ info ] [ ROUTE ] array (
  'type' => 'module',
  'module' => 
  array (
    0 => 'yyshop',
    1 => 'admin',
    2 => 'grid',
  ),
)
[ info ] [ HEADER ] array (
  'accept-language' => 'zh-CN,zh;q=0.8',
  'accept-encoding' => 'gzip, deflate, sdch',
  'referer' => 'http://116.236.115.123:8080/tp5manager/public/index.php/yyshop/admin/left',
  'accept' => 'text/html,application/xhtml+xml,application/xml;q=0.9,image/webp,*/*;q=0.8',
  'user-agent' => 'Mozilla/5.0 (Windows NT 6.1; Win64; x64) AppleWebKit/537.36 (KHTML, like Gecko) Chrome/57.0.2987.98 Safari/537.36',
  'upgrade-insecure-requests' => '1',
  'connection' => 'keep-alive',
  'host' => '116.236.115.123:8080',
  'content-type' => '',
  'content-length' => '',
)
[ info ] [ PARAM ] array (
)
[ info ] [ LOG ] INIT File

---------------------------------------------------------------
[ 2018-09-04T10:00:10+08:00 ] 10.20.65.202 116.226.52.10 GET /tp5manager/public/index.php/yyshop/user/manager
[ log ] 116.236.115.123:8080/tp5manager/public/index.php/yyshop/user/manager [运行时间：0.012232s][吞吐率：81.75req/s] [内存消耗：1,251.56kb] [文件加载：38]
[ info ] [ LANG ] /var/www/html/tp5manager/thinkphp/lang/zh-cn.php
[ info ] [ ROUTE ] array (
  'type' => 'module',
  'module' => 
  array (
    0 => 'yyshop',
    1 => 'user',
    2 => 'manager',
  ),
)
[ info ] [ HEADER ] array (
  'accept-language' => 'zh-CN,zh;q=0.8',
  'accept-encoding' => 'gzip, deflate, sdch',
  'referer' => 'http://116.236.115.123:8080/tp5manager/public/index.php/yyshop/admin/left',
  'accept' => 'text/html,application/xhtml+xml,application/xml;q=0.9,image/webp,*/*;q=0.8',
  'user-agent' => 'Mozilla/5.0 (Windows NT 6.1; Win64; x64) AppleWebKit/537.36 (KHTML, like Gecko) Chrome/57.0.2987.98 Safari/537.36',
  'upgrade-insecure-requests' => '1',
  'connection' => 'keep-alive',
  'host' => '116.236.115.123:8080',
  'content-type' => '',
  'content-length' => '',
)
[ info ] [ PARAM ] array (
)
[ info ] [ RUN ] app\yyshop\controller\User->manager[ /var/www/html/tp5manager/application/yyshop/controller/User.php ]
[ info ] [ VIEW ] /var/www/html/tp5manager/public/../application/yyshop/view/user/manager.html [ array (
) ]
[ info ] [ LOG ] INIT File

---------------------------------------------------------------
[ 2018-09-04T10:00:12+08:00 ] 10.20.65.202 116.226.52.10 GET /tp5manager/public/index.php/yyshop/user/menu
[ log ] 116.236.115.123:8080/tp5manager/public/index.php/yyshop/user/menu [运行时间：0.012268s][吞吐率：81.51req/s] [内存消耗：1,251.56kb] [文件加载：38]
[ info ] [ LANG ] /var/www/html/tp5manager/thinkphp/lang/zh-cn.php
[ info ] [ ROUTE ] array (
  'type' => 'module',
  'module' => 
  array (
    0 => 'yyshop',
    1 => 'user',
    2 => 'menu',
  ),
)
[ info ] [ HEADER ] array (
  'accept-language' => 'zh-CN,zh;q=0.8',
  'accept-encoding' => 'gzip, deflate, sdch',
  'referer' => 'http://116.236.115.123:8080/tp5manager/public/index.php/yyshop/admin/left',
  'accept' => 'text/html,application/xhtml+xml,application/xml;q=0.9,image/webp,*/*;q=0.8',
  'user-agent' => 'Mozilla/5.0 (Windows NT 6.1; Win64; x64) AppleWebKit/537.36 (KHTML, like Gecko) Chrome/57.0.2987.98 Safari/537.36',
  'upgrade-insecure-requests' => '1',
  'connection' => 'keep-alive',
  'host' => '116.236.115.123:8080',
  'content-type' => '',
  'content-length' => '',
)
[ info ] [ PARAM ] array (
)
[ info ] [ RUN ] app\yyshop\controller\User->menu[ /var/www/html/tp5manager/application/yyshop/controller/User.php ]
[ info ] [ VIEW ] /var/www/html/tp5manager/public/../application/yyshop/view/user/menu.html [ array (
) ]
[ info ] [ LOG ] INIT File

---------------------------------------------------------------
[ 2018-09-04T10:16:13+08:00 ] 10.20.65.202 116.226.52.10 GET /tp5manager/public/index.php/yyshop/user/menu
[ log ] 116.236.115.123:8080/tp5manager/public/index.php/yyshop/user/menu [运行时间：0.011545s][吞吐率：86.62req/s] [内存消耗：1,120.22kb] [文件加载：36]
[ info ] [ LANG ] /var/www/html/tp5manager/thinkphp/lang/zh-cn.php
[ info ] [ ROUTE ] array (
  'type' => 'module',
  'module' => 
  array (
    0 => 'yyshop',
    1 => 'user',
    2 => 'menu',
  ),
)
[ info ] [ HEADER ] array (
  'accept-language' => 'zh-CN,zh;q=0.8',
  'accept-encoding' => 'gzip, deflate, sdch',
  'referer' => 'http://116.236.115.123:8080/tp5manager/public/index.php/yyshop/admin/left',
  'accept' => 'text/html,application/xhtml+xml,application/xml;q=0.9,image/webp,*/*;q=0.8',
  'user-agent' => 'Mozilla/5.0 (Windows NT 6.1; Win64; x64) AppleWebKit/537.36 (KHTML, like Gecko) Chrome/57.0.2987.98 Safari/537.36',
  'upgrade-insecure-requests' => '1',
  'connection' => 'keep-alive',
  'host' => '116.236.115.123:8080',
  'content-type' => '',
  'content-length' => '',
)
[ info ] [ PARAM ] array (
)
[ info ] [ RUN ] app\yyshop\controller\User->menu[ /var/www/html/tp5manager/application/yyshop/controller/User.php ]
[ info ] [ VIEW ] /var/www/html/tp5manager/public/../application/yyshop/view/user/menu.html [ array (
) ]
[ info ] [ LOG ] INIT File

---------------------------------------------------------------
[ 2018-09-04T14:31:55+08:00 ] 10.20.65.202 116.226.52.10 GET /tp5manager/public/index.php/yyshop/admin/charts.html
[ log ] 116.236.115.123:8080/tp5manager/public/index.php/yyshop/admin/charts.html [运行时间：0.012721s][吞吐率：78.61req/s] [内存消耗：1,176.45kb] [文件加载：38]
[ info ] [ LANG ] /var/www/html/tp5manager/thinkphp/lang/zh-cn.php
[ info ] [ ROUTE ] array (
  'type' => 'module',
  'module' => 
  array (
    0 => 'yyshop',
    1 => 'admin',
    2 => 'charts',
  ),
)
[ info ] [ HEADER ] array (
  'accept-language' => 'zh-CN,zh;q=0.8',
  'accept-encoding' => 'gzip, deflate, sdch',
  'referer' => 'http://116.236.115.123:8080/tp5manager/public/index.php/yyshop/admin/left',
  'accept' => 'text/html,application/xhtml+xml,application/xml;q=0.9,image/webp,*/*;q=0.8',
  'user-agent' => 'Mozilla/5.0 (Windows NT 6.1; Win64; x64) AppleWebKit/537.36 (KHTML, like Gecko) Chrome/57.0.2987.98 Safari/537.36',
  'upgrade-insecure-requests' => '1',
  'connection' => 'keep-alive',
  'host' => '116.236.115.123:8080',
  'content-type' => '',
  'content-length' => '',
)
[ info ] [ PARAM ] array (
)
[ info ] [ LOG ] INIT File

---------------------------------------------------------------
